2021-08-20 20:11:54 [::1][-][dvc3k7ljrftn63bm0bpvhalvnj][error][yii\db\Exception] PDOException: SQLSTATE[HY000] [1045] Access denied for user 'root'@'localhost' (using password: YES) in C:\wamp64\www\room\vendor\yiisoft\yii2\db\Connection.php:710
Stack trace:
#0 C:\wamp64\www\room\vendor\yiisoft\yii2\db\Connection.php(710): PDO->__construct('mysql:host=loca...', 'root', 'R00ter@2020', NULL)
#1 C:\wamp64\www\room\vendor\yiisoft\yii2\db\Connection.php(631): yii\db\Connection->createPdoInstance()
#2 C:\wamp64\www\room\vendor\yiisoft\yii2\db\Connection.php(1030): yii\db\Connection->open()
#3 C:\wamp64\www\room\vendor\yiisoft\yii2\db\Connection.php(1017): yii\db\Connection->getMasterPdo()
#4 C:\wamp64\www\room\vendor\yiisoft\yii2\db\Command.php(258): yii\db\Connection->getSlavePdo()
#5 C:\wamp64\www\room\vendor\yiisoft\yii2\db\Command.php(1160): yii\db\Command->prepare(true)
#6 C:\wamp64\www\room\vendor\yiisoft\yii2\db\Command.php(407): yii\db\Command->queryInternal('fetchAll', NULL)
#7 C:\wamp64\www\room\vendor\yiisoft\yii2\db\mysql\Schema.php(319): yii\db\Command->queryAll()
#8 C:\wamp64\www\room\vendor\yiisoft\yii2\db\mysql\Schema.php(125): yii\db\mysql\Schema->findColumns(Object(yii\db\TableSchema))
#9 C:\wamp64\www\room\vendor\yiisoft\yii2\db\Schema.php(758): yii\db\mysql\Schema->loadTableSchema('users')
#10 C:\wamp64\www\room\vendor\yiisoft\yii2\db\Schema.php(194): yii\db\Schema->getTableMetadata('users', 'schema', false)
#11 C:\wamp64\www\room\vendor\yiisoft\yii2\db\ActiveRecord.php(435): yii\db\Schema->getTableSchema('users')
#12 C:\wamp64\www\room\vendor\yiisoft\yii2\db\ActiveRecord.php(469): yii\db\ActiveRecord::getTableSchema()
#13 C:\wamp64\www\room\vendor\yiisoft\yii2\db\BaseActiveRecord.php(500): yii\db\ActiveRecord->attributes()
#14 C:\wamp64\www\room\vendor\yiisoft\yii2\db\BaseActiveRecord.php(291): yii\db\BaseActiveRecord->hasAttribute('id')
#15 C:\wamp64\www\room\vendor\yiisoft\yii2\validators\Validator.php(258): yii\db\BaseActiveRecord->__get('id')
#16 C:\wamp64\www\room\vendor\yiisoft\yii2\base\Model.php(368): yii\validators\Validator->validateAttributes(Object(app\models\UsersSearch), Array)
#17 C:\wamp64\www\room\models\UsersSearch.php(50): yii\base\Model->validate()
#18 C:\wamp64\www\room\controllers\UsersController.php(39): app\models\UsersSearch->search(Array)
#19 [internal function]: app\controllers\UsersController->actionIndex()
#20 C:\wamp64\www\room\vendor\yiisoft\yii2\base\InlineAction.php(57): call_user_func_array(Array, Array)
#21 C:\wamp64\www\room\vendor\yiisoft\yii2\base\Controller.php(181): yii\base\InlineAction->runWithParams(Array)
#22 C:\wamp64\www\room\vendor\yiisoft\yii2\base\Module.php(528): yii\base\Controller->runAction('', Array)
#23 C:\wamp64\www\room\vendor\yiisoft\yii2\web\Application.php(104): yii\base\Module->runAction('users', Array)
#24 C:\wamp64\www\room\vendor\yiisoft\yii2\base\Application.php(392): yii\web\Application->handleRequest(Object(yii\web\Request))
#25 C:\wamp64\www\room\web\index.php(12): yii\base\Application->run()
#26 {main}

Next yii\db\Exception: SQLSTATE[HY000] [1045] Access denied for user 'root'@'localhost' (using password: YES) in C:\wamp64\www\room\vendor\yiisoft\yii2\db\Connection.php:642
Stack trace:
#0 C:\wamp64\www\room\vendor\yiisoft\yii2\db\Connection.php(1030): yii\db\Connection->open()
#1 C:\wamp64\www\room\vendor\yiisoft\yii2\db\Connection.php(1017): yii\db\Connection->getMasterPdo()
#2 C:\wamp64\www\room\vendor\yiisoft\yii2\db\Command.php(258): yii\db\Connection->getSlavePdo()
#3 C:\wamp64\www\room\vendor\yiisoft\yii2\db\Command.php(1160): yii\db\Command->prepare(true)
#4 C:\wamp64\www\room\vendor\yiisoft\yii2\db\Command.php(407): yii\db\Command->queryInternal('fetchAll', NULL)
#5 C:\wamp64\www\room\vendor\yiisoft\yii2\db\mysql\Schema.php(319): yii\db\Command->queryAll()
#6 C:\wamp64\www\room\vendor\yiisoft\yii2\db\mysql\Schema.php(125): yii\db\mysql\Schema->findColumns(Object(yii\db\TableSchema))
#7 C:\wamp64\www\room\vendor\yiisoft\yii2\db\Schema.php(758): yii\db\mysql\Schema->loadTableSchema('users')
#8 C:\wamp64\www\room\vendor\yiisoft\yii2\db\Schema.php(194): yii\db\Schema->getTableMetadata('users', 'schema', false)
#9 C:\wamp64\www\room\vendor\yiisoft\yii2\db\ActiveRecord.php(435): yii\db\Schema->getTableSchema('users')
#10 C:\wamp64\www\room\vendor\yiisoft\yii2\db\ActiveRecord.php(469): yii\db\ActiveRecord::getTableSchema()
#11 C:\wamp64\www\room\vendor\yiisoft\yii2\db\BaseActiveRecord.php(500): yii\db\ActiveRecord->attributes()
#12 C:\wamp64\www\room\vendor\yiisoft\yii2\db\BaseActiveRecord.php(291): yii\db\BaseActiveRecord->hasAttribute('id')
#13 C:\wamp64\www\room\vendor\yiisoft\yii2\validators\Validator.php(258): yii\db\BaseActiveRecord->__get('id')
#14 C:\wamp64\www\room\vendor\yiisoft\yii2\base\Model.php(368): yii\validators\Validator->validateAttributes(Object(app\models\UsersSearch), Array)
#15 C:\wamp64\www\room\models\UsersSearch.php(50): yii\base\Model->validate()
#16 C:\wamp64\www\room\controllers\UsersController.php(39): app\models\UsersSearch->search(Array)
#17 [internal function]: app\controllers\UsersController->actionIndex()
#18 C:\wamp64\www\room\vendor\yiisoft\yii2\base\InlineAction.php(57): call_user_func_array(Array, Array)
#19 C:\wamp64\www\room\vendor\yiisoft\yii2\base\Controller.php(181): yii\base\InlineAction->runWithParams(Array)
#20 C:\wamp64\www\room\vendor\yiisoft\yii2\base\Module.php(528): yii\base\Controller->runAction('', Array)
#21 C:\wamp64\www\room\vendor\yiisoft\yii2\web\Application.php(104): yii\base\Module->runAction('users', Array)
#22 C:\wamp64\www\room\vendor\yiisoft\yii2\base\Application.php(392): yii\web\Application->handleRequest(Object(yii\web\Request))
#23 C:\wamp64\www\room\web\index.php(12): yii\base\Application->run()
#24 {main}
Additional Information:

2021-08-20 20:11:54 [::1][-][dvc3k7ljrftn63bm0bpvhalvnj][info][application] $_GET = [
    'r' => 'users'
]

$_POST = []

$_FILES = []

$_COOKIE = [
    '__gads' => 'ID=024da897632b02ab-226091d858a600da:T=1603746421:RT=1603746421:S=ALNI_MYRoGONdHXaiyOqmBFMiZrv2P_8UQ'
    '_ga' => 'GA1.1.194433866.1628985843'
    '_ga_KVGG2L8B36' => 'GS1.1.1628987966.2.0.1628987966.0'
    'salmen_web' => 'ga71ddbuu5fkdu9vbqa57akci9'
    '_identity' => '3752ed1bfa564df6b95987283f864155059467fe5c7a83bc587f5819cbb9bec0a:2:{i:0;s:9:\"_identity\";i:1;s:46:\"[4,\"AKKw5IzWocxKk0pa-9K8pj2ua_CXGma_\",2592000]\";}'
    '_csrf' => 'bbbe6c1f7297b3cac1e553a4738cf73075f0c77387c2aba4d09068e975f6fab5a:2:{i:0;s:5:\"_csrf\";i:1;s:32:\"gYpnBVRuhzjyZGDmWQbZZqBcKPykhzVC\";}'
    'PHPSESSID' => 'dvc3k7ljrftn63bm0bpvhalvnj'
]

$_SESSION = [
    '__flash' => []
    '__authKey' => 'test100key'
]

$_SERVER = [
    'HTTP_HOST' => 'localhost'
    'HTTP_CONNECTION' => 'keep-alive'
    'HTTP_SEC_CH_UA' => '\"Chromium\";v=\"92\", \" Not A;Brand\";v=\"99\", \"Google Chrome\";v=\"92\"'
    'HTTP_SEC_CH_UA_MOBILE' => '?0'
    'HTTP_UPGRADE_INSECURE_REQUESTS' => '1'
    'HTTP_USER_AGENT' => 'Mozilla/5.0 (Windows NT 10.0; Win64; x64) AppleWebKit/537.36 (KHTML, like Gecko) Chrome/92.0.4515.131 Safari/537.36'
    'HTTP_ACCEPT' => 'text/html,application/xhtml+xml,application/xml;q=0.9,image/avif,image/webp,image/apng,*/*;q=0.8,application/signed-exchange;v=b3;q=0.9'
    'HTTP_SEC_FETCH_SITE' => 'none'
    'HTTP_SEC_FETCH_MODE' => 'navigate'
    'HTTP_SEC_FETCH_USER' => '?1'
    'HTTP_SEC_FETCH_DEST' => 'document'
    'HTTP_ACCEPT_ENCODING' => 'gzip, deflate, br'
    'HTTP_ACCEPT_LANGUAGE' => 'en-US,en;q=0.9,ar-LB;q=0.8,ar;q=0.7,en-GB;q=0.6'
    'HTTP_COOKIE' => '__gads=ID=024da897632b02ab-226091d858a600da:T=1603746421:RT=1603746421:S=ALNI_MYRoGONdHXaiyOqmBFMiZrv2P_8UQ; _ga=GA1.1.194433866.1628985843; _ga_KVGG2L8B36=GS1.1.1628987966.2.0.1628987966.0; salmen_web=ga71ddbuu5fkdu9vbqa57akci9; _identity=3752ed1bfa564df6b95987283f864155059467fe5c7a83bc587f5819cbb9bec0a%3A2%3A%7Bi%3A0%3Bs%3A9%3A%22_identity%22%3Bi%3A1%3Bs%3A46%3A%22%5B4%2C%22AKKw5IzWocxKk0pa-9K8pj2ua_CXGma_%22%2C2592000%5D%22%3B%7D; _csrf=bbbe6c1f7297b3cac1e553a4738cf73075f0c77387c2aba4d09068e975f6fab5a%3A2%3A%7Bi%3A0%3Bs%3A5%3A%22_csrf%22%3Bi%3A1%3Bs%3A32%3A%22gYpnBVRuhzjyZGDmWQbZZqBcKPykhzVC%22%3B%7D; PHPSESSID=dvc3k7ljrftn63bm0bpvhalvnj'
    'PATH' => 'C:\\Windows\\system32;C:\\Windows;C:\\Windows\\System32\\Wbem;C:\\Windows\\System32\\WindowsPowerShell\\v1.0\\;C:\\Windows\\System32\\OpenSSH\\;C:\\Program Files (x86)\\NVIDIA Corporation\\PhysX\\Common;C:\\Program Files\\NVIDIA Corporation\\NVIDIA NvDLISR;C:\\Program Files (x86)\\Intel\\Intel(R) Management Engine Components\\DAL;C:\\Program Files\\Intel\\Intel(R) Management Engine Components\\DAL;C:\\Program Files\\Intel\\WiFi\\bin\\;C:\\Program Files\\Common Files\\Intel\\WirelessCommon\\;C:\\Program Files\\Git\\cmd;C:\\wamp64\\bin\\php\\php5.6.40;C:\\WINDOWS\\system32;C:\\WINDOWS;C:\\WINDOWS\\System32\\Wbem;C:\\WINDOWS\\System32\\WindowsPowerShell\\v1.0\\;C:\\WINDOWS\\System32\\OpenSSH\\;C:\\Program Files (x86)\\PuTTY\\;C:\\WINDOWS\\system32\\config\\systemprofile\\AppData\\Local\\Microsoft\\WindowsApps'
    'SystemRoot' => 'C:\\WINDOWS'
    'COMSPEC' => 'C:\\WINDOWS\\system32\\cmd.exe'
    'PATHEXT' => '.COM;.EXE;.BAT;.CMD;.VBS;.VBE;.JS;.JSE;.WSF;.WSH;.MSC'
    'WINDIR' => 'C:\\WINDOWS'
    'SERVER_SIGNATURE' => '<address>Apache/2.4.41 (Win64) PHP/7.4.0 Server at localhost Port 80</address>
'
    'SERVER_SOFTWARE' => 'Apache/2.4.41 (Win64) PHP/7.4.0'
    'SERVER_NAME' => 'localhost'
    'SERVER_ADDR' => '::1'
    'SERVER_PORT' => '80'
    'REMOTE_ADDR' => '::1'
    'DOCUMENT_ROOT' => 'C:/wamp64/www'
    'REQUEST_SCHEME' => 'http'
    'CONTEXT_PREFIX' => ''
    'CONTEXT_DOCUMENT_ROOT' => 'C:/wamp64/www'
    'SERVER_ADMIN' => 'wampserver@wampserver.invalid'
    'SCRIPT_FILENAME' => 'C:/wamp64/www/room/web/index.php'
    'REMOTE_PORT' => '60397'
    'GATEWAY_INTERFACE' => 'CGI/1.1'
    'SERVER_PROTOCOL' => 'HTTP/1.1'
    'REQUEST_METHOD' => 'GET'
    'QUERY_STRING' => 'r=users'
    'REQUEST_URI' => '/room/web/index.php?r=users'
    'SCRIPT_NAME' => '/room/web/index.php'
    'PHP_SELF' => '/room/web/index.php'
    'REQUEST_TIME_FLOAT' => 1629490314.08
    'REQUEST_TIME' => 1629490314
]
2021-08-20 20:13:04 [::1][-][dvc3k7ljrftn63bm0bpvhalvnj][error][yii\base\ErrorException:8] yii\base\ErrorException: Undefined index: fullname in C:\wamp64\www\room\controllers\api\MobileController.php:129
Stack trace:
#0 C:\wamp64\www\room\controllers\api\MobileController.php(129): yii\web\ErrorHandler->handleError()
#1 C:\wamp64\www\room\vendor\yiisoft\yii2\base\InlineAction.php(57): app\controllers\api\MobileController->actionSignup()
#2 C:\wamp64\www\room\vendor\yiisoft\yii2\base\InlineAction.php(57): ::call_user_func_array:{C:\wamp64\www\room\vendor\yiisoft\yii2\base\InlineAction.php:57}()
#3 C:\wamp64\www\room\vendor\yiisoft\yii2\base\Controller.php(181): yii\base\InlineAction->runWithParams()
#4 C:\wamp64\www\room\vendor\yiisoft\yii2\base\Module.php(528): app\controllers\api\MobileController->runAction()
#5 C:\wamp64\www\room\vendor\yiisoft\yii2\web\Application.php(104): yii\web\Application->runAction()
#6 C:\wamp64\www\room\vendor\yiisoft\yii2\base\Application.php(392): yii\web\Application->handleRequest()
#7 C:\wamp64\www\room\web\index.php(12): yii\web\Application->run()
#8 {main}
2021-08-20 20:13:03 [::1][-][dvc3k7ljrftn63bm0bpvhalvnj][info][application] $_GET = [
    'r' => 'api/mobile/signup'
]

$_POST = []

$_FILES = []

$_COOKIE = [
    '__gads' => 'ID=024da897632b02ab-226091d858a600da:T=1603746421:RT=1603746421:S=ALNI_MYRoGONdHXaiyOqmBFMiZrv2P_8UQ'
    '_ga' => 'GA1.1.194433866.1628985843'
    '_ga_KVGG2L8B36' => 'GS1.1.1628987966.2.0.1628987966.0'
    'salmen_web' => 'ga71ddbuu5fkdu9vbqa57akci9'
    '_identity' => '3752ed1bfa564df6b95987283f864155059467fe5c7a83bc587f5819cbb9bec0a:2:{i:0;s:9:\"_identity\";i:1;s:46:\"[4,\"AKKw5IzWocxKk0pa-9K8pj2ua_CXGma_\",2592000]\";}'
    '_csrf' => 'bbbe6c1f7297b3cac1e553a4738cf73075f0c77387c2aba4d09068e975f6fab5a:2:{i:0;s:5:\"_csrf\";i:1;s:32:\"gYpnBVRuhzjyZGDmWQbZZqBcKPykhzVC\";}'
    'PHPSESSID' => 'dvc3k7ljrftn63bm0bpvhalvnj'
]

$_SESSION = [
    '__flash' => []
    '__authKey' => 'test100key'
]

$_SERVER = [
    'REDIRECT_STATUS' => '200'
    'HTTP_HOST' => 'localhost'
    'HTTP_CONNECTION' => 'keep-alive'
    'HTTP_SEC_CH_UA' => '\"Chromium\";v=\"92\", \" Not A;Brand\";v=\"99\", \"Google Chrome\";v=\"92\"'
    'HTTP_SEC_CH_UA_MOBILE' => '?0'
    'HTTP_UPGRADE_INSECURE_REQUESTS' => '1'
    'HTTP_USER_AGENT' => 'Mozilla/5.0 (Windows NT 10.0; Win64; x64) AppleWebKit/537.36 (KHTML, like Gecko) Chrome/92.0.4515.131 Safari/537.36'
    'HTTP_ACCEPT' => 'text/html,application/xhtml+xml,application/xml;q=0.9,image/avif,image/webp,image/apng,*/*;q=0.8,application/signed-exchange;v=b3;q=0.9'
    'HTTP_SEC_FETCH_SITE' => 'none'
    'HTTP_SEC_FETCH_MODE' => 'navigate'
    'HTTP_SEC_FETCH_USER' => '?1'
    'HTTP_SEC_FETCH_DEST' => 'document'
    'HTTP_ACCEPT_ENCODING' => 'gzip, deflate, br'
    'HTTP_ACCEPT_LANGUAGE' => 'en-US,en;q=0.9,ar-LB;q=0.8,ar;q=0.7,en-GB;q=0.6'
    'HTTP_COOKIE' => '__gads=ID=024da897632b02ab-226091d858a600da:T=1603746421:RT=1603746421:S=ALNI_MYRoGONdHXaiyOqmBFMiZrv2P_8UQ; _ga=GA1.1.194433866.1628985843; _ga_KVGG2L8B36=GS1.1.1628987966.2.0.1628987966.0; salmen_web=ga71ddbuu5fkdu9vbqa57akci9; _identity=3752ed1bfa564df6b95987283f864155059467fe5c7a83bc587f5819cbb9bec0a%3A2%3A%7Bi%3A0%3Bs%3A9%3A%22_identity%22%3Bi%3A1%3Bs%3A46%3A%22%5B4%2C%22AKKw5IzWocxKk0pa-9K8pj2ua_CXGma_%22%2C2592000%5D%22%3B%7D; _csrf=bbbe6c1f7297b3cac1e553a4738cf73075f0c77387c2aba4d09068e975f6fab5a%3A2%3A%7Bi%3A0%3Bs%3A5%3A%22_csrf%22%3Bi%3A1%3Bs%3A32%3A%22gYpnBVRuhzjyZGDmWQbZZqBcKPykhzVC%22%3B%7D; PHPSESSID=dvc3k7ljrftn63bm0bpvhalvnj'
    'PATH' => 'C:\\Windows\\system32;C:\\Windows;C:\\Windows\\System32\\Wbem;C:\\Windows\\System32\\WindowsPowerShell\\v1.0\\;C:\\Windows\\System32\\OpenSSH\\;C:\\Program Files (x86)\\NVIDIA Corporation\\PhysX\\Common;C:\\Program Files\\NVIDIA Corporation\\NVIDIA NvDLISR;C:\\Program Files (x86)\\Intel\\Intel(R) Management Engine Components\\DAL;C:\\Program Files\\Intel\\Intel(R) Management Engine Components\\DAL;C:\\Program Files\\Intel\\WiFi\\bin\\;C:\\Program Files\\Common Files\\Intel\\WirelessCommon\\;C:\\Program Files\\Git\\cmd;C:\\wamp64\\bin\\php\\php5.6.40;C:\\WINDOWS\\system32;C:\\WINDOWS;C:\\WINDOWS\\System32\\Wbem;C:\\WINDOWS\\System32\\WindowsPowerShell\\v1.0\\;C:\\WINDOWS\\System32\\OpenSSH\\;C:\\Program Files (x86)\\PuTTY\\;C:\\WINDOWS\\system32\\config\\systemprofile\\AppData\\Local\\Microsoft\\WindowsApps'
    'SystemRoot' => 'C:\\WINDOWS'
    'COMSPEC' => 'C:\\WINDOWS\\system32\\cmd.exe'
    'PATHEXT' => '.COM;.EXE;.BAT;.CMD;.VBS;.VBE;.JS;.JSE;.WSF;.WSH;.MSC'
    'WINDIR' => 'C:\\WINDOWS'
    'SERVER_SIGNATURE' => '<address>Apache/2.4.41 (Win64) PHP/7.4.0 Server at localhost Port 80</address>
'
    'SERVER_SOFTWARE' => 'Apache/2.4.41 (Win64) PHP/7.4.0'
    'SERVER_NAME' => 'localhost'
    'SERVER_ADDR' => '::1'
    'SERVER_PORT' => '80'
    'REMOTE_ADDR' => '::1'
    'DOCUMENT_ROOT' => 'C:/wamp64/www'
    'REQUEST_SCHEME' => 'http'
    'CONTEXT_PREFIX' => ''
    'CONTEXT_DOCUMENT_ROOT' => 'C:/wamp64/www'
    'SERVER_ADMIN' => 'wampserver@wampserver.invalid'
    'SCRIPT_FILENAME' => 'C:/wamp64/www/room/web/index.php'
    'REMOTE_PORT' => '53933'
    'REDIRECT_URL' => '/room/web/web/index.php'
    'REDIRECT_QUERY_STRING' => 'r=api/mobile/signup'
    'GATEWAY_INTERFACE' => 'CGI/1.1'
    'SERVER_PROTOCOL' => 'HTTP/1.1'
    'REQUEST_METHOD' => 'GET'
    'QUERY_STRING' => 'r=api/mobile/signup'
    'REQUEST_URI' => '/room/web/web/index.php?r=api/mobile/signup'
    'SCRIPT_NAME' => '/room/web/index.php'
    'PHP_SELF' => '/room/web/index.php'
    'REQUEST_TIME_FLOAT' => 1629490383.966
    'REQUEST_TIME' => 1629490383
]
2021-10-06 18:33:33 [::1][-][h2r5gvh524d12hj1o5vftmk9ha][error][yii\web\HttpException:404] yii\base\InvalidRouteException: Unable to resolve the request "user". in C:\wamp64\www\room\vendor\yiisoft\yii2\base\Module.php:537
Stack trace:
#0 C:\wamp64\www\room\vendor\yiisoft\yii2\web\Application.php(104): yii\base\Module->runAction('user', Array)
#1 C:\wamp64\www\room\vendor\yiisoft\yii2\base\Application.php(392): yii\web\Application->handleRequest(Object(yii\web\Request))
#2 C:\wamp64\www\room\web\index.php(12): yii\base\Application->run()
#3 {main}

Next yii\web\NotFoundHttpException: Page not found. in C:\wamp64\www\room\vendor\yiisoft\yii2\web\Application.php:116
Stack trace:
#0 C:\wamp64\www\room\vendor\yiisoft\yii2\base\Application.php(392): yii\web\Application->handleRequest(Object(yii\web\Request))
#1 C:\wamp64\www\room\web\index.php(12): yii\base\Application->run()
#2 {main}
2021-10-06 18:33:33 [::1][-][h2r5gvh524d12hj1o5vftmk9ha][info][application] $_GET = [
    'r' => 'user'
]

$_POST = []

$_FILES = []

$_COOKIE = [
    '__gads' => 'ID=024da897632b02ab-226091d858a600da:T=1603746421:RT=1603746421:S=ALNI_MYRoGONdHXaiyOqmBFMiZrv2P_8UQ'
    '_ga' => 'GA1.1.194433866.1628985843'
    '_ga_T0LJN5D2DG' => 'GS1.1.1631314539.23.1.1631315289.0'
    '_ga_KVGG2L8B36' => 'GS1.1.1632673549.5.0.1632673549.0'
    'PHPSESSID' => 'h2r5gvh524d12hj1o5vftmk9ha'
    '_csrf' => '9c7114d7b3baa46a63f529f31f40bb021926ebf436b316eaf6b6452d518221c2a:2:{i:0;s:5:\"_csrf\";i:1;s:32:\"7B-p6X9kpOSeDFIoQ9T2G77s9p69vBy5\";}'
]

$_SESSION = [
    '__flash' => []
]

$_SERVER = [
    'HTTP_HOST' => 'localhost'
    'HTTP_CONNECTION' => 'keep-alive'
    'HTTP_SEC_CH_UA' => '\"Chromium\";v=\"94\", \"Google Chrome\";v=\"94\", \";Not A Brand\";v=\"99\"'
    'HTTP_SEC_CH_UA_MOBILE' => '?0'
    'HTTP_SEC_CH_UA_PLATFORM' => '\"Windows\"'
    'HTTP_UPGRADE_INSECURE_REQUESTS' => '1'
    'HTTP_USER_AGENT' => 'Mozilla/5.0 (Windows NT 10.0; Win64; x64) AppleWebKit/537.36 (KHTML, like Gecko) Chrome/94.0.4606.61 Safari/537.36'
    'HTTP_ACCEPT' => 'text/html,application/xhtml+xml,application/xml;q=0.9,image/avif,image/webp,image/apng,*/*;q=0.8,application/signed-exchange;v=b3;q=0.9'
    'HTTP_SEC_FETCH_SITE' => 'none'
    'HTTP_SEC_FETCH_MODE' => 'navigate'
    'HTTP_SEC_FETCH_USER' => '?1'
    'HTTP_SEC_FETCH_DEST' => 'document'
    'HTTP_ACCEPT_ENCODING' => 'gzip, deflate, br'
    'HTTP_ACCEPT_LANGUAGE' => 'en-US,en;q=0.9,ar-LB;q=0.8,ar;q=0.7,en-GB;q=0.6'
    'HTTP_COOKIE' => '__gads=ID=024da897632b02ab-226091d858a600da:T=1603746421:RT=1603746421:S=ALNI_MYRoGONdHXaiyOqmBFMiZrv2P_8UQ; _ga=GA1.1.194433866.1628985843; _ga_T0LJN5D2DG=GS1.1.1631314539.23.1.1631315289.0; _ga_KVGG2L8B36=GS1.1.1632673549.5.0.1632673549.0; PHPSESSID=h2r5gvh524d12hj1o5vftmk9ha; _csrf=9c7114d7b3baa46a63f529f31f40bb021926ebf436b316eaf6b6452d518221c2a%3A2%3A%7Bi%3A0%3Bs%3A5%3A%22_csrf%22%3Bi%3A1%3Bs%3A32%3A%227B-p6X9kpOSeDFIoQ9T2G77s9p69vBy5%22%3B%7D'
    'PATH' => 'C:\\Windows\\system32;C:\\Windows;C:\\Windows\\System32\\Wbem;C:\\Windows\\System32\\WindowsPowerShell\\v1.0\\;C:\\Windows\\System32\\OpenSSH\\;C:\\Program Files (x86)\\NVIDIA Corporation\\PhysX\\Common;C:\\Program Files\\NVIDIA Corporation\\NVIDIA NvDLISR;C:\\Program Files (x86)\\Intel\\Intel(R) Management Engine Components\\DAL;C:\\Program Files\\Intel\\Intel(R) Management Engine Components\\DAL;C:\\Program Files\\Intel\\WiFi\\bin\\;C:\\Program Files\\Common Files\\Intel\\WirelessCommon\\;C:\\Program Files\\Git\\cmd;C:\\wamp64\\bin\\php\\php7.4.0;C:\\WINDOWS\\system32;C:\\WINDOWS;C:\\WINDOWS\\System32\\Wbem;C:\\WINDOWS\\System32\\WindowsPowerShell\\v1.0\\;C:\\WINDOWS\\System32\\OpenSSH\\;C:\\Program Files (x86)\\PuTTY\\;C:\\WINDOWS\\system32\\config\\systemprofile\\AppData\\Local\\Microsoft\\WindowsApps'
    'SystemRoot' => 'C:\\WINDOWS'
    'COMSPEC' => 'C:\\WINDOWS\\system32\\cmd.exe'
    'PATHEXT' => '.COM;.EXE;.BAT;.CMD;.VBS;.VBE;.JS;.JSE;.WSF;.WSH;.MSC'
    'WINDIR' => 'C:\\WINDOWS'
    'SERVER_SIGNATURE' => '<address>Apache/2.4.41 (Win64) PHP/7.4.0 Server at localhost Port 80</address>
'
    'SERVER_SOFTWARE' => 'Apache/2.4.41 (Win64) PHP/7.4.0'
    'SERVER_NAME' => 'localhost'
    'SERVER_ADDR' => '::1'
    'SERVER_PORT' => '80'
    'REMOTE_ADDR' => '::1'
    'DOCUMENT_ROOT' => 'C:/wamp64/www'
    'REQUEST_SCHEME' => 'http'
    'CONTEXT_PREFIX' => ''
    'CONTEXT_DOCUMENT_ROOT' => 'C:/wamp64/www'
    'SERVER_ADMIN' => 'wampserver@wampserver.invalid'
    'SCRIPT_FILENAME' => 'C:/wamp64/www/room/web/index.php'
    'REMOTE_PORT' => '49640'
    'GATEWAY_INTERFACE' => 'CGI/1.1'
    'SERVER_PROTOCOL' => 'HTTP/1.1'
    'REQUEST_METHOD' => 'GET'
    'QUERY_STRING' => 'r=user'
    'REQUEST_URI' => '/room/web/index.php?r=user'
    'SCRIPT_NAME' => '/room/web/index.php'
    'PHP_SELF' => '/room/web/index.php'
    'REQUEST_TIME_FLOAT' => 1633545213.284
    'REQUEST_TIME' => 1633545213
]
2021-10-06 18:34:03 [::1][-][h2r5gvh524d12hj1o5vftmk9ha][error][yii\db\Exception] PDOException: PDO::__construct(): Error while reading greeting packet. PID=15232 in C:\wamp64\www\room\vendor\yiisoft\yii2\db\Connection.php:710
Stack trace:
#0 C:\wamp64\www\room\vendor\yiisoft\yii2\db\Connection.php(710): PDO->__construct('mysql:host=5.18...', 'root', 'R00ter@2020', NULL)
#1 C:\wamp64\www\room\vendor\yiisoft\yii2\db\Connection.php(631): yii\db\Connection->createPdoInstance()
#2 C:\wamp64\www\room\vendor\yiisoft\yii2\db\Connection.php(1030): yii\db\Connection->open()
#3 C:\wamp64\www\room\vendor\yiisoft\yii2\db\Connection.php(1017): yii\db\Connection->getMasterPdo()
#4 C:\wamp64\www\room\vendor\yiisoft\yii2\db\Command.php(258): yii\db\Connection->getSlavePdo()
#5 C:\wamp64\www\room\vendor\yiisoft\yii2\db\Command.php(1160): yii\db\Command->prepare(true)
#6 C:\wamp64\www\room\vendor\yiisoft\yii2\db\Command.php(450): yii\db\Command->queryInternal('fetchAll', 7)
#7 C:\wamp64\www\room\vendor\yiisoft\yii2\db\mysql\Schema.php(114): yii\db\Command->queryColumn()
#8 C:\wamp64\www\room\vendor\yiisoft\yii2\db\Schema.php(237): yii\db\mysql\Schema->findTableNames('')
#9 C:\wamp64\www\room\vendor\yiisoft\yii2-gii\src\generators\model\Generator.php(168): yii\db\Schema->getTableNames()
#10 [internal function]: yii\gii\generators\model\Generator->yii\gii\generators\model\{closure}()
#11 C:\wamp64\www\room\vendor\yiisoft\yii2-gii\src\components\ActiveField.php(41): call_user_func(Object(Closure))
#12 C:\wamp64\www\room\vendor\yiisoft\yii2\base\BaseObject.php(109): yii\gii\components\ActiveField->init()
#13 [internal function]: yii\base\BaseObject->__construct(Array)
#14 C:\wamp64\www\room\vendor\yiisoft\yii2\di\Container.php(420): ReflectionClass->newInstanceArgs(Array)
#15 C:\wamp64\www\room\vendor\yiisoft\yii2\di\Container.php(171): yii\di\Container->build('yii\\gii\\compone...', Array, Array)
#16 C:\wamp64\www\room\vendor\yiisoft\yii2\BaseYii.php(365): yii\di\Container->get('yii\\gii\\compone...', Array, Array)
#17 C:\wamp64\www\room\vendor\yiisoft\yii2\widgets\ActiveForm.php(334): yii\BaseYii::createObject(Array)
#18 C:\wamp64\www\room\vendor\yiisoft\yii2-gii\src\generators\model\form.php(9): yii\widgets\ActiveForm->field(Object(yii\gii\generators\model\Generator), 'tableName')
#19 C:\wamp64\www\room\vendor\yiisoft\yii2\base\View.php(348): require('C:\\wamp64\\www\\r...')
#20 C:\wamp64\www\room\vendor\yiisoft\yii2\base\View.php(257): yii\base\View->renderPhpFile('C:\\wamp64\\www\\r...', '[<span class="s...')
#21 C:\wamp64\www\room\vendor\yiisoft\yii2-gii\src\views\default\view.php(37): yii\base\View->renderFile('C:\\wamp64\\www\\r...', Array)
#22 C:\wamp64\www\room\vendor\yiisoft\yii2\base\View.php(348): require('C:\\wamp64\\www\\r...')
#23 C:\wamp64\www\room\vendor\yiisoft\yii2\base\View.php(257): yii\base\View->renderPhpFile('C:\\wamp64\\www\\r...', '[<span class="s...')
#24 C:\wamp64\www\room\vendor\yiisoft\yii2\base\View.php(156): yii\base\View->renderFile('C:\\wamp64\\www\\r...', Array, Object(yii\gii\controllers\DefaultController))
#25 C:\wamp64\www\room\vendor\yiisoft\yii2\base\Controller.php(410): yii\base\View->render('view', Array, Object(yii\gii\controllers\DefaultController))
#26 C:\wamp64\www\room\vendor\yiisoft\yii2-gii\src\controllers\DefaultController.php(72): yii\base\Controller->render('view', Array)
#27 [internal function]: yii\gii\controllers\DefaultController->actionView('model')
#28 C:\wamp64\www\room\vendor\yiisoft\yii2\base\InlineAction.php(57): call_user_func_array(Array, Array)
#29 C:\wamp64\www\room\vendor\yiisoft\yii2\base\Controller.php(181): yii\base\InlineAction->runWithParams(Array)
#30 C:\wamp64\www\room\vendor\yiisoft\yii2\base\Module.php(528): yii\base\Controller->runAction('view', Array)
#31 C:\wamp64\www\room\vendor\yiisoft\yii2\web\Application.php(104): yii\base\Module->runAction('gii/default/vie...', Array)
#32 C:\wamp64\www\room\vendor\yiisoft\yii2\base\Application.php(392): yii\web\Application->handleRequest(Object(yii\web\Request))
#33 C:\wamp64\www\room\web\index.php(12): yii\base\Application->run()
#34 {main}

Next PDOException: SQLSTATE[HY000] [2006] MySQL server has gone away in C:\wamp64\www\room\vendor\yiisoft\yii2\db\Connection.php:710
Stack trace:
#0 C:\wamp64\www\room\vendor\yiisoft\yii2\db\Connection.php(710): PDO->__construct('mysql:host=5.18...', 'root', 'R00ter@2020', NULL)
#1 C:\wamp64\www\room\vendor\yiisoft\yii2\db\Connection.php(631): yii\db\Connection->createPdoInstance()
#2 C:\wamp64\www\room\vendor\yiisoft\yii2\db\Connection.php(1030): yii\db\Connection->open()
#3 C:\wamp64\www\room\vendor\yiisoft\yii2\db\Connection.php(1017): yii\db\Connection->getMasterPdo()
#4 C:\wamp64\www\room\vendor\yiisoft\yii2\db\Command.php(258): yii\db\Connection->getSlavePdo()
#5 C:\wamp64\www\room\vendor\yiisoft\yii2\db\Command.php(1160): yii\db\Command->prepare(true)
#6 C:\wamp64\www\room\vendor\yiisoft\yii2\db\Command.php(450): yii\db\Command->queryInternal('fetchAll', 7)
#7 C:\wamp64\www\room\vendor\yiisoft\yii2\db\mysql\Schema.php(114): yii\db\Command->queryColumn()
#8 C:\wamp64\www\room\vendor\yiisoft\yii2\db\Schema.php(237): yii\db\mysql\Schema->findTableNames('')
#9 C:\wamp64\www\room\vendor\yiisoft\yii2-gii\src\generators\model\Generator.php(168): yii\db\Schema->getTableNames()
#10 [internal function]: yii\gii\generators\model\Generator->yii\gii\generators\model\{closure}()
#11 C:\wamp64\www\room\vendor\yiisoft\yii2-gii\src\components\ActiveField.php(41): call_user_func(Object(Closure))
#12 C:\wamp64\www\room\vendor\yiisoft\yii2\base\BaseObject.php(109): yii\gii\components\ActiveField->init()
#13 [internal function]: yii\base\BaseObject->__construct(Array)
#14 C:\wamp64\www\room\vendor\yiisoft\yii2\di\Container.php(420): ReflectionClass->newInstanceArgs(Array)
#15 C:\wamp64\www\room\vendor\yiisoft\yii2\di\Container.php(171): yii\di\Container->build('yii\\gii\\compone...', Array, Array)
#16 C:\wamp64\www\room\vendor\yiisoft\yii2\BaseYii.php(365): yii\di\Container->get('yii\\gii\\compone...', Array, Array)
#17 C:\wamp64\www\room\vendor\yiisoft\yii2\widgets\ActiveForm.php(334): yii\BaseYii::createObject(Array)
#18 C:\wamp64\www\room\vendor\yiisoft\yii2-gii\src\generators\model\form.php(9): yii\widgets\ActiveForm->field(Object(yii\gii\generators\model\Generator), 'tableName')
#19 C:\wamp64\www\room\vendor\yiisoft\yii2\base\View.php(348): require('C:\\wamp64\\www\\r...')
#20 C:\wamp64\www\room\vendor\yiisoft\yii2\base\View.php(257): yii\base\View->renderPhpFile('C:\\wamp64\\www\\r...', '[<span class="s...')
#21 C:\wamp64\www\room\vendor\yiisoft\yii2-gii\src\views\default\view.php(37): yii\base\View->renderFile('C:\\wamp64\\www\\r...', Array)
#22 C:\wamp64\www\room\vendor\yiisoft\yii2\base\View.php(348): require('C:\\wamp64\\www\\r...')
#23 C:\wamp64\www\room\vendor\yiisoft\yii2\base\View.php(257): yii\base\View->renderPhpFile('C:\\wamp64\\www\\r...', '[<span class="s...')
#24 C:\wamp64\www\room\vendor\yiisoft\yii2\base\View.php(156): yii\base\View->renderFile('C:\\wamp64\\www\\r...', Array, Object(yii\gii\controllers\DefaultController))
#25 C:\wamp64\www\room\vendor\yiisoft\yii2\base\Controller.php(410): yii\base\View->render('view', Array, Object(yii\gii\controllers\DefaultController))
#26 C:\wamp64\www\room\vendor\yiisoft\yii2-gii\src\controllers\DefaultController.php(72): yii\base\Controller->render('view', Array)
#27 [internal function]: yii\gii\controllers\DefaultController->actionView('model')
#28 C:\wamp64\www\room\vendor\yiisoft\yii2\base\InlineAction.php(57): call_user_func_array(Array, Array)
#29 C:\wamp64\www\room\vendor\yiisoft\yii2\base\Controller.php(181): yii\base\InlineAction->runWithParams(Array)
#30 C:\wamp64\www\room\vendor\yiisoft\yii2\base\Module.php(528): yii\base\Controller->runAction('view', Array)
#31 C:\wamp64\www\room\vendor\yiisoft\yii2\web\Application.php(104): yii\base\Module->runAction('gii/default/vie...', Array)
#32 C:\wamp64\www\room\vendor\yiisoft\yii2\base\Application.php(392): yii\web\Application->handleRequest(Object(yii\web\Request))
#33 C:\wamp64\www\room\web\index.php(12): yii\base\Application->run()
#34 {main}

Next yii\db\Exception: SQLSTATE[HY000] [2006] MySQL server has gone away in C:\wamp64\www\room\vendor\yiisoft\yii2\db\Connection.php:642
Stack trace:
#0 C:\wamp64\www\room\vendor\yiisoft\yii2\db\Connection.php(1030): yii\db\Connection->open()
#1 C:\wamp64\www\room\vendor\yiisoft\yii2\db\Connection.php(1017): yii\db\Connection->getMasterPdo()
#2 C:\wamp64\www\room\vendor\yiisoft\yii2\db\Command.php(258): yii\db\Connection->getSlavePdo()
#3 C:\wamp64\www\room\vendor\yiisoft\yii2\db\Command.php(1160): yii\db\Command->prepare(true)
#4 C:\wamp64\www\room\vendor\yiisoft\yii2\db\Command.php(450): yii\db\Command->queryInternal('fetchAll', 7)
#5 C:\wamp64\www\room\vendor\yiisoft\yii2\db\mysql\Schema.php(114): yii\db\Command->queryColumn()
#6 C:\wamp64\www\room\vendor\yiisoft\yii2\db\Schema.php(237): yii\db\mysql\Schema->findTableNames('')
#7 C:\wamp64\www\room\vendor\yiisoft\yii2-gii\src\generators\model\Generator.php(168): yii\db\Schema->getTableNames()
#8 [internal function]: yii\gii\generators\model\Generator->yii\gii\generators\model\{closure}()
#9 C:\wamp64\www\room\vendor\yiisoft\yii2-gii\src\components\ActiveField.php(41): call_user_func(Object(Closure))
#10 C:\wamp64\www\room\vendor\yiisoft\yii2\base\BaseObject.php(109): yii\gii\components\ActiveField->init()
#11 [internal function]: yii\base\BaseObject->__construct(Array)
#12 C:\wamp64\www\room\vendor\yiisoft\yii2\di\Container.php(420): ReflectionClass->newInstanceArgs(Array)
#13 C:\wamp64\www\room\vendor\yiisoft\yii2\di\Container.php(171): yii\di\Container->build('yii\\gii\\compone...', Array, Array)
#14 C:\wamp64\www\room\vendor\yiisoft\yii2\BaseYii.php(365): yii\di\Container->get('yii\\gii\\compone...', Array, Array)
#15 C:\wamp64\www\room\vendor\yiisoft\yii2\widgets\ActiveForm.php(334): yii\BaseYii::createObject(Array)
#16 C:\wamp64\www\room\vendor\yiisoft\yii2-gii\src\generators\model\form.php(9): yii\widgets\ActiveForm->field(Object(yii\gii\generators\model\Generator), 'tableName')
#17 C:\wamp64\www\room\vendor\yiisoft\yii2\base\View.php(348): require('C:\\wamp64\\www\\r...')
#18 C:\wamp64\www\room\vendor\yiisoft\yii2\base\View.php(257): yii\base\View->renderPhpFile('C:\\wamp64\\www\\r...', '[<span class="s...')
#19 C:\wamp64\www\room\vendor\yiisoft\yii2-gii\src\views\default\view.php(37): yii\base\View->renderFile('C:\\wamp64\\www\\r...', Array)
#20 C:\wamp64\www\room\vendor\yiisoft\yii2\base\View.php(348): require('C:\\wamp64\\www\\r...')
#21 C:\wamp64\www\room\vendor\yiisoft\yii2\base\View.php(257): yii\base\View->renderPhpFile('C:\\wamp64\\www\\r...', '[<span class="s...')
#22 C:\wamp64\www\room\vendor\yiisoft\yii2\base\View.php(156): yii\base\View->renderFile('C:\\wamp64\\www\\r...', Array, Object(yii\gii\controllers\DefaultController))
#23 C:\wamp64\www\room\vendor\yiisoft\yii2\base\Controller.php(410): yii\base\View->render('view', Array, Object(yii\gii\controllers\DefaultController))
#24 C:\wamp64\www\room\vendor\yiisoft\yii2-gii\src\controllers\DefaultController.php(72): yii\base\Controller->render('view', Array)
#25 [internal function]: yii\gii\controllers\DefaultController->actionView('model')
#26 C:\wamp64\www\room\vendor\yiisoft\yii2\base\InlineAction.php(57): call_user_func_array(Array, Array)
#27 C:\wamp64\www\room\vendor\yiisoft\yii2\base\Controller.php(181): yii\base\InlineAction->runWithParams(Array)
#28 C:\wamp64\www\room\vendor\yiisoft\yii2\base\Module.php(528): yii\base\Controller->runAction('view', Array)
#29 C:\wamp64\www\room\vendor\yiisoft\yii2\web\Application.php(104): yii\base\Module->runAction('gii/default/vie...', Array)
#30 C:\wamp64\www\room\vendor\yiisoft\yii2\base\Application.php(392): yii\web\Application->handleRequest(Object(yii\web\Request))
#31 C:\wamp64\www\room\web\index.php(12): yii\base\Application->run()
#32 {main}
Additional Information:

2021-10-06 18:34:03 [::1][-][h2r5gvh524d12hj1o5vftmk9ha][info][application] $_GET = [
    'r' => 'gii/default/view'
    'id' => 'model'
]

$_POST = []

$_FILES = []

$_COOKIE = [
    '__gads' => 'ID=024da897632b02ab-226091d858a600da:T=1603746421:RT=1603746421:S=ALNI_MYRoGONdHXaiyOqmBFMiZrv2P_8UQ'
    '_ga' => 'GA1.1.194433866.1628985843'
    '_ga_T0LJN5D2DG' => 'GS1.1.1631314539.23.1.1631315289.0'
    '_ga_KVGG2L8B36' => 'GS1.1.1632673549.5.0.1632673549.0'
    'PHPSESSID' => 'h2r5gvh524d12hj1o5vftmk9ha'
    '_csrf' => '9c7114d7b3baa46a63f529f31f40bb021926ebf436b316eaf6b6452d518221c2a:2:{i:0;s:5:\"_csrf\";i:1;s:32:\"7B-p6X9kpOSeDFIoQ9T2G77s9p69vBy5\";}'
]

$_SESSION = [
    '__flash' => []
]

$_SERVER = [
    'HTTP_HOST' => 'localhost'
    'HTTP_CONNECTION' => 'keep-alive'
    'HTTP_SEC_CH_UA' => '\"Chromium\";v=\"94\", \"Google Chrome\";v=\"94\", \";Not A Brand\";v=\"99\"'
    'HTTP_SEC_CH_UA_MOBILE' => '?0'
    'HTTP_SEC_CH_UA_PLATFORM' => '\"Windows\"'
    'HTTP_UPGRADE_INSECURE_REQUESTS' => '1'
    'HTTP_USER_AGENT' => 'Mozilla/5.0 (Windows NT 10.0; Win64; x64) AppleWebKit/537.36 (KHTML, like Gecko) Chrome/94.0.4606.61 Safari/537.36'
    'HTTP_ACCEPT' => 'text/html,application/xhtml+xml,application/xml;q=0.9,image/avif,image/webp,image/apng,*/*;q=0.8,application/signed-exchange;v=b3;q=0.9'
    'HTTP_SEC_FETCH_SITE' => 'same-origin'
    'HTTP_SEC_FETCH_MODE' => 'navigate'
    'HTTP_SEC_FETCH_USER' => '?1'
    'HTTP_SEC_FETCH_DEST' => 'document'
    'HTTP_REFERER' => 'http://localhost/room/web/index.php?r=gii'
    'HTTP_ACCEPT_ENCODING' => 'gzip, deflate, br'
    'HTTP_ACCEPT_LANGUAGE' => 'en-US,en;q=0.9,ar-LB;q=0.8,ar;q=0.7,en-GB;q=0.6'
    'HTTP_COOKIE' => '__gads=ID=024da897632b02ab-226091d858a600da:T=1603746421:RT=1603746421:S=ALNI_MYRoGONdHXaiyOqmBFMiZrv2P_8UQ; _ga=GA1.1.194433866.1628985843; _ga_T0LJN5D2DG=GS1.1.1631314539.23.1.1631315289.0; _ga_KVGG2L8B36=GS1.1.1632673549.5.0.1632673549.0; PHPSESSID=h2r5gvh524d12hj1o5vftmk9ha; _csrf=9c7114d7b3baa46a63f529f31f40bb021926ebf436b316eaf6b6452d518221c2a%3A2%3A%7Bi%3A0%3Bs%3A5%3A%22_csrf%22%3Bi%3A1%3Bs%3A32%3A%227B-p6X9kpOSeDFIoQ9T2G77s9p69vBy5%22%3B%7D'
    'PATH' => 'C:\\Windows\\system32;C:\\Windows;C:\\Windows\\System32\\Wbem;C:\\Windows\\System32\\WindowsPowerShell\\v1.0\\;C:\\Windows\\System32\\OpenSSH\\;C:\\Program Files (x86)\\NVIDIA Corporation\\PhysX\\Common;C:\\Program Files\\NVIDIA Corporation\\NVIDIA NvDLISR;C:\\Program Files (x86)\\Intel\\Intel(R) Management Engine Components\\DAL;C:\\Program Files\\Intel\\Intel(R) Management Engine Components\\DAL;C:\\Program Files\\Intel\\WiFi\\bin\\;C:\\Program Files\\Common Files\\Intel\\WirelessCommon\\;C:\\Program Files\\Git\\cmd;C:\\wamp64\\bin\\php\\php7.4.0;C:\\WINDOWS\\system32;C:\\WINDOWS;C:\\WINDOWS\\System32\\Wbem;C:\\WINDOWS\\System32\\WindowsPowerShell\\v1.0\\;C:\\WINDOWS\\System32\\OpenSSH\\;C:\\Program Files (x86)\\PuTTY\\;C:\\WINDOWS\\system32\\config\\systemprofile\\AppData\\Local\\Microsoft\\WindowsApps'
    'SystemRoot' => 'C:\\WINDOWS'
    'COMSPEC' => 'C:\\WINDOWS\\system32\\cmd.exe'
    'PATHEXT' => '.COM;.EXE;.BAT;.CMD;.VBS;.VBE;.JS;.JSE;.WSF;.WSH;.MSC'
    'WINDIR' => 'C:\\WINDOWS'
    'SERVER_SIGNATURE' => '<address>Apache/2.4.41 (Win64) PHP/7.4.0 Server at localhost Port 80</address>
'
    'SERVER_SOFTWARE' => 'Apache/2.4.41 (Win64) PHP/7.4.0'
    'SERVER_NAME' => 'localhost'
    'SERVER_ADDR' => '::1'
    'SERVER_PORT' => '80'
    'REMOTE_ADDR' => '::1'
    'DOCUMENT_ROOT' => 'C:/wamp64/www'
    'REQUEST_SCHEME' => 'http'
    'CONTEXT_PREFIX' => ''
    'CONTEXT_DOCUMENT_ROOT' => 'C:/wamp64/www'
    'SERVER_ADMIN' => 'wampserver@wampserver.invalid'
    'SCRIPT_FILENAME' => 'C:/wamp64/www/room/web/index.php'
    'REMOTE_PORT' => '56252'
    'GATEWAY_INTERFACE' => 'CGI/1.1'
    'SERVER_PROTOCOL' => 'HTTP/1.1'
    'REQUEST_METHOD' => 'GET'
    'QUERY_STRING' => 'r=gii%2Fdefault%2Fview&id=model'
    'REQUEST_URI' => '/room/web/index.php?r=gii%2Fdefault%2Fview&id=model'
    'SCRIPT_NAME' => '/room/web/index.php'
    'PHP_SELF' => '/room/web/index.php'
    'REQUEST_TIME_FLOAT' => 1633545243.178
    'REQUEST_TIME' => 1633545243
]
2021-10-06 18:34:16 [::1][-][h2r5gvh524d12hj1o5vftmk9ha][error][yii\db\Exception] PDOException: PDO::__construct(): php_network_getaddresses: getaddrinfo failed: No such host is known.  in C:\wamp64\www\room\vendor\yiisoft\yii2\db\Connection.php:710
Stack trace:
#0 C:\wamp64\www\room\vendor\yiisoft\yii2\db\Connection.php(710): PDO->__construct('mysql:host=5.18...', 'root', 'R00ter@2020', NULL)
#1 C:\wamp64\www\room\vendor\yiisoft\yii2\db\Connection.php(631): yii\db\Connection->createPdoInstance()
#2 C:\wamp64\www\room\vendor\yiisoft\yii2\db\Connection.php(1030): yii\db\Connection->open()
#3 C:\wamp64\www\room\vendor\yiisoft\yii2\db\Connection.php(1017): yii\db\Connection->getMasterPdo()
#4 C:\wamp64\www\room\vendor\yiisoft\yii2\db\Command.php(258): yii\db\Connection->getSlavePdo()
#5 C:\wamp64\www\room\vendor\yiisoft\yii2\db\Command.php(1160): yii\db\Command->prepare(true)
#6 C:\wamp64\www\room\vendor\yiisoft\yii2\db\Command.php(450): yii\db\Command->queryInternal('fetchAll', 7)
#7 C:\wamp64\www\room\vendor\yiisoft\yii2\db\mysql\Schema.php(114): yii\db\Command->queryColumn()
#8 C:\wamp64\www\room\vendor\yiisoft\yii2\db\Schema.php(237): yii\db\mysql\Schema->findTableNames('')
#9 C:\wamp64\www\room\vendor\yiisoft\yii2-gii\src\generators\model\Generator.php(168): yii\db\Schema->getTableNames()
#10 [internal function]: yii\gii\generators\model\Generator->yii\gii\generators\model\{closure}()
#11 C:\wamp64\www\room\vendor\yiisoft\yii2-gii\src\components\ActiveField.php(41): call_user_func(Object(Closure))
#12 C:\wamp64\www\room\vendor\yiisoft\yii2\base\BaseObject.php(109): yii\gii\components\ActiveField->init()
#13 [internal function]: yii\base\BaseObject->__construct(Array)
#14 C:\wamp64\www\room\vendor\yiisoft\yii2\di\Container.php(420): ReflectionClass->newInstanceArgs(Array)
#15 C:\wamp64\www\room\vendor\yiisoft\yii2\di\Container.php(171): yii\di\Container->build('yii\\gii\\compone...', Array, Array)
#16 C:\wamp64\www\room\vendor\yiisoft\yii2\BaseYii.php(365): yii\di\Container->get('yii\\gii\\compone...', Array, Array)
#17 C:\wamp64\www\room\vendor\yiisoft\yii2\widgets\ActiveForm.php(334): yii\BaseYii::createObject(Array)
#18 C:\wamp64\www\room\vendor\yiisoft\yii2-gii\src\generators\model\form.php(9): yii\widgets\ActiveForm->field(Object(yii\gii\generators\model\Generator), 'tableName')
#19 C:\wamp64\www\room\vendor\yiisoft\yii2\base\View.php(348): require('C:\\wamp64\\www\\r...')
#20 C:\wamp64\www\room\vendor\yiisoft\yii2\base\View.php(257): yii\base\View->renderPhpFile('C:\\wamp64\\www\\r...', '[<span class="s...')
#21 C:\wamp64\www\room\vendor\yiisoft\yii2-gii\src\views\default\view.php(37): yii\base\View->renderFile('C:\\wamp64\\www\\r...', Array)
#22 C:\wamp64\www\room\vendor\yiisoft\yii2\base\View.php(348): require('C:\\wamp64\\www\\r...')
#23 C:\wamp64\www\room\vendor\yiisoft\yii2\base\View.php(257): yii\base\View->renderPhpFile('C:\\wamp64\\www\\r...', '[<span class="s...')
#24 C:\wamp64\www\room\vendor\yiisoft\yii2\base\View.php(156): yii\base\View->renderFile('C:\\wamp64\\www\\r...', Array, Object(yii\gii\controllers\DefaultController))
#25 C:\wamp64\www\room\vendor\yiisoft\yii2\base\Controller.php(410): yii\base\View->render('view', Array, Object(yii\gii\controllers\DefaultController))
#26 C:\wamp64\www\room\vendor\yiisoft\yii2-gii\src\controllers\DefaultController.php(72): yii\base\Controller->render('view', Array)
#27 [internal function]: yii\gii\controllers\DefaultController->actionView('model')
#28 C:\wamp64\www\room\vendor\yiisoft\yii2\base\InlineAction.php(57): call_user_func_array(Array, Array)
#29 C:\wamp64\www\room\vendor\yiisoft\yii2\base\Controller.php(181): yii\base\InlineAction->runWithParams(Array)
#30 C:\wamp64\www\room\vendor\yiisoft\yii2\base\Module.php(528): yii\base\Controller->runAction('view', Array)
#31 C:\wamp64\www\room\vendor\yiisoft\yii2\web\Application.php(104): yii\base\Module->runAction('gii/default/vie...', Array)
#32 C:\wamp64\www\room\vendor\yiisoft\yii2\base\Application.php(392): yii\web\Application->handleRequest(Object(yii\web\Request))
#33 C:\wamp64\www\room\web\index.php(12): yii\base\Application->run()
#34 {main}

Next PDOException: SQLSTATE[HY000] [2002] php_network_getaddresses: getaddrinfo failed: No such host is known.  in C:\wamp64\www\room\vendor\yiisoft\yii2\db\Connection.php:710
Stack trace:
#0 C:\wamp64\www\room\vendor\yiisoft\yii2\db\Connection.php(710): PDO->__construct('mysql:host=5.18...', 'root', 'R00ter@2020', NULL)
#1 C:\wamp64\www\room\vendor\yiisoft\yii2\db\Connection.php(631): yii\db\Connection->createPdoInstance()
#2 C:\wamp64\www\room\vendor\yiisoft\yii2\db\Connection.php(1030): yii\db\Connection->open()
#3 C:\wamp64\www\room\vendor\yiisoft\yii2\db\Connection.php(1017): yii\db\Connection->getMasterPdo()
#4 C:\wamp64\www\room\vendor\yiisoft\yii2\db\Command.php(258): yii\db\Connection->getSlavePdo()
#5 C:\wamp64\www\room\vendor\yiisoft\yii2\db\Command.php(1160): yii\db\Command->prepare(true)
#6 C:\wamp64\www\room\vendor\yiisoft\yii2\db\Command.php(450): yii\db\Command->queryInternal('fetchAll', 7)
#7 C:\wamp64\www\room\vendor\yiisoft\yii2\db\mysql\Schema.php(114): yii\db\Command->queryColumn()
#8 C:\wamp64\www\room\vendor\yiisoft\yii2\db\Schema.php(237): yii\db\mysql\Schema->findTableNames('')
#9 C:\wamp64\www\room\vendor\yiisoft\yii2-gii\src\generators\model\Generator.php(168): yii\db\Schema->getTableNames()
#10 [internal function]: yii\gii\generators\model\Generator->yii\gii\generators\model\{closure}()
#11 C:\wamp64\www\room\vendor\yiisoft\yii2-gii\src\components\ActiveField.php(41): call_user_func(Object(Closure))
#12 C:\wamp64\www\room\vendor\yiisoft\yii2\base\BaseObject.php(109): yii\gii\components\ActiveField->init()
#13 [internal function]: yii\base\BaseObject->__construct(Array)
#14 C:\wamp64\www\room\vendor\yiisoft\yii2\di\Container.php(420): ReflectionClass->newInstanceArgs(Array)
#15 C:\wamp64\www\room\vendor\yiisoft\yii2\di\Container.php(171): yii\di\Container->build('yii\\gii\\compone...', Array, Array)
#16 C:\wamp64\www\room\vendor\yiisoft\yii2\BaseYii.php(365): yii\di\Container->get('yii\\gii\\compone...', Array, Array)
#17 C:\wamp64\www\room\vendor\yiisoft\yii2\widgets\ActiveForm.php(334): yii\BaseYii::createObject(Array)
#18 C:\wamp64\www\room\vendor\yiisoft\yii2-gii\src\generators\model\form.php(9): yii\widgets\ActiveForm->field(Object(yii\gii\generators\model\Generator), 'tableName')
#19 C:\wamp64\www\room\vendor\yiisoft\yii2\base\View.php(348): require('C:\\wamp64\\www\\r...')
#20 C:\wamp64\www\room\vendor\yiisoft\yii2\base\View.php(257): yii\base\View->renderPhpFile('C:\\wamp64\\www\\r...', '[<span class="s...')
#21 C:\wamp64\www\room\vendor\yiisoft\yii2-gii\src\views\default\view.php(37): yii\base\View->renderFile('C:\\wamp64\\www\\r...', Array)
#22 C:\wamp64\www\room\vendor\yiisoft\yii2\base\View.php(348): require('C:\\wamp64\\www\\r...')
#23 C:\wamp64\www\room\vendor\yiisoft\yii2\base\View.php(257): yii\base\View->renderPhpFile('C:\\wamp64\\www\\r...', '[<span class="s...')
#24 C:\wamp64\www\room\vendor\yiisoft\yii2\base\View.php(156): yii\base\View->renderFile('C:\\wamp64\\www\\r...', Array, Object(yii\gii\controllers\DefaultController))
#25 C:\wamp64\www\room\vendor\yiisoft\yii2\base\Controller.php(410): yii\base\View->render('view', Array, Object(yii\gii\controllers\DefaultController))
#26 C:\wamp64\www\room\vendor\yiisoft\yii2-gii\src\controllers\DefaultController.php(72): yii\base\Controller->render('view', Array)
#27 [internal function]: yii\gii\controllers\DefaultController->actionView('model')
#28 C:\wamp64\www\room\vendor\yiisoft\yii2\base\InlineAction.php(57): call_user_func_array(Array, Array)
#29 C:\wamp64\www\room\vendor\yiisoft\yii2\base\Controller.php(181): yii\base\InlineAction->runWithParams(Array)
#30 C:\wamp64\www\room\vendor\yiisoft\yii2\base\Module.php(528): yii\base\Controller->runAction('view', Array)
#31 C:\wamp64\www\room\vendor\yiisoft\yii2\web\Application.php(104): yii\base\Module->runAction('gii/default/vie...', Array)
#32 C:\wamp64\www\room\vendor\yiisoft\yii2\base\Application.php(392): yii\web\Application->handleRequest(Object(yii\web\Request))
#33 C:\wamp64\www\room\web\index.php(12): yii\base\Application->run()
#34 {main}

Next yii\db\Exception: SQLSTATE[HY000] [2002] php_network_getaddresses: getaddrinfo failed: No such host is known.  in C:\wamp64\www\room\vendor\yiisoft\yii2\db\Connection.php:642
Stack trace:
#0 C:\wamp64\www\room\vendor\yiisoft\yii2\db\Connection.php(1030): yii\db\Connection->open()
#1 C:\wamp64\www\room\vendor\yiisoft\yii2\db\Connection.php(1017): yii\db\Connection->getMasterPdo()
#2 C:\wamp64\www\room\vendor\yiisoft\yii2\db\Command.php(258): yii\db\Connection->getSlavePdo()
#3 C:\wamp64\www\room\vendor\yiisoft\yii2\db\Command.php(1160): yii\db\Command->prepare(true)
#4 C:\wamp64\www\room\vendor\yiisoft\yii2\db\Command.php(450): yii\db\Command->queryInternal('fetchAll', 7)
#5 C:\wamp64\www\room\vendor\yiisoft\yii2\db\mysql\Schema.php(114): yii\db\Command->queryColumn()
#6 C:\wamp64\www\room\vendor\yiisoft\yii2\db\Schema.php(237): yii\db\mysql\Schema->findTableNames('')
#7 C:\wamp64\www\room\vendor\yiisoft\yii2-gii\src\generators\model\Generator.php(168): yii\db\Schema->getTableNames()
#8 [internal function]: yii\gii\generators\model\Generator->yii\gii\generators\model\{closure}()
#9 C:\wamp64\www\room\vendor\yiisoft\yii2-gii\src\components\ActiveField.php(41): call_user_func(Object(Closure))
#10 C:\wamp64\www\room\vendor\yiisoft\yii2\base\BaseObject.php(109): yii\gii\components\ActiveField->init()
#11 [internal function]: yii\base\BaseObject->__construct(Array)
#12 C:\wamp64\www\room\vendor\yiisoft\yii2\di\Container.php(420): ReflectionClass->newInstanceArgs(Array)
#13 C:\wamp64\www\room\vendor\yiisoft\yii2\di\Container.php(171): yii\di\Container->build('yii\\gii\\compone...', Array, Array)
#14 C:\wamp64\www\room\vendor\yiisoft\yii2\BaseYii.php(365): yii\di\Container->get('yii\\gii\\compone...', Array, Array)
#15 C:\wamp64\www\room\vendor\yiisoft\yii2\widgets\ActiveForm.php(334): yii\BaseYii::createObject(Array)
#16 C:\wamp64\www\room\vendor\yiisoft\yii2-gii\src\generators\model\form.php(9): yii\widgets\ActiveForm->field(Object(yii\gii\generators\model\Generator), 'tableName')
#17 C:\wamp64\www\room\vendor\yiisoft\yii2\base\View.php(348): require('C:\\wamp64\\www\\r...')
#18 C:\wamp64\www\room\vendor\yiisoft\yii2\base\View.php(257): yii\base\View->renderPhpFile('C:\\wamp64\\www\\r...', '[<span class="s...')
#19 C:\wamp64\www\room\vendor\yiisoft\yii2-gii\src\views\default\view.php(37): yii\base\View->renderFile('C:\\wamp64\\www\\r...', Array)
#20 C:\wamp64\www\room\vendor\yiisoft\yii2\base\View.php(348): require('C:\\wamp64\\www\\r...')
#21 C:\wamp64\www\room\vendor\yiisoft\yii2\base\View.php(257): yii\base\View->renderPhpFile('C:\\wamp64\\www\\r...', '[<span class="s...')
#22 C:\wamp64\www\room\vendor\yiisoft\yii2\base\View.php(156): yii\base\View->renderFile('C:\\wamp64\\www\\r...', Array, Object(yii\gii\controllers\DefaultController))
#23 C:\wamp64\www\room\vendor\yiisoft\yii2\base\Controller.php(410): yii\base\View->render('view', Array, Object(yii\gii\controllers\DefaultController))
#24 C:\wamp64\www\room\vendor\yiisoft\yii2-gii\src\controllers\DefaultController.php(72): yii\base\Controller->render('view', Array)
#25 [internal function]: yii\gii\controllers\DefaultController->actionView('model')
#26 C:\wamp64\www\room\vendor\yiisoft\yii2\base\InlineAction.php(57): call_user_func_array(Array, Array)
#27 C:\wamp64\www\room\vendor\yiisoft\yii2\base\Controller.php(181): yii\base\InlineAction->runWithParams(Array)
#28 C:\wamp64\www\room\vendor\yiisoft\yii2\base\Module.php(528): yii\base\Controller->runAction('view', Array)
#29 C:\wamp64\www\room\vendor\yiisoft\yii2\web\Application.php(104): yii\base\Module->runAction('gii/default/vie...', Array)
#30 C:\wamp64\www\room\vendor\yiisoft\yii2\base\Application.php(392): yii\web\Application->handleRequest(Object(yii\web\Request))
#31 C:\wamp64\www\room\web\index.php(12): yii\base\Application->run()
#32 {main}
Additional Information:

2021-10-06 18:34:16 [::1][-][h2r5gvh524d12hj1o5vftmk9ha][info][application] $_GET = [
    'r' => 'gii/default/view'
    'id' => 'model'
]

$_POST = []

$_FILES = []

$_COOKIE = [
    '__gads' => 'ID=024da897632b02ab-226091d858a600da:T=1603746421:RT=1603746421:S=ALNI_MYRoGONdHXaiyOqmBFMiZrv2P_8UQ'
    '_ga' => 'GA1.1.194433866.1628985843'
    '_ga_T0LJN5D2DG' => 'GS1.1.1631314539.23.1.1631315289.0'
    '_ga_KVGG2L8B36' => 'GS1.1.1632673549.5.0.1632673549.0'
    'PHPSESSID' => 'h2r5gvh524d12hj1o5vftmk9ha'
    '_csrf' => '9c7114d7b3baa46a63f529f31f40bb021926ebf436b316eaf6b6452d518221c2a:2:{i:0;s:5:\"_csrf\";i:1;s:32:\"7B-p6X9kpOSeDFIoQ9T2G77s9p69vBy5\";}'
]

$_SESSION = [
    '__flash' => []
]

$_SERVER = [
    'HTTP_HOST' => 'localhost'
    'HTTP_CONNECTION' => 'keep-alive'
    'HTTP_CACHE_CONTROL' => 'max-age=0'
    'HTTP_SEC_CH_UA' => '\"Chromium\";v=\"94\", \"Google Chrome\";v=\"94\", \";Not A Brand\";v=\"99\"'
    'HTTP_SEC_CH_UA_MOBILE' => '?0'
    'HTTP_SEC_CH_UA_PLATFORM' => '\"Windows\"'
    'HTTP_UPGRADE_INSECURE_REQUESTS' => '1'
    'HTTP_USER_AGENT' => 'Mozilla/5.0 (Windows NT 10.0; Win64; x64) AppleWebKit/537.36 (KHTML, like Gecko) Chrome/94.0.4606.61 Safari/537.36'
    'HTTP_ACCEPT' => 'text/html,application/xhtml+xml,application/xml;q=0.9,image/avif,image/webp,image/apng,*/*;q=0.8,application/signed-exchange;v=b3;q=0.9'
    'HTTP_SEC_FETCH_SITE' => 'same-origin'
    'HTTP_SEC_FETCH_MODE' => 'navigate'
    'HTTP_SEC_FETCH_USER' => '?1'
    'HTTP_SEC_FETCH_DEST' => 'document'
    'HTTP_REFERER' => 'http://localhost/room/web/index.php?r=gii'
    'HTTP_ACCEPT_ENCODING' => 'gzip, deflate, br'
    'HTTP_ACCEPT_LANGUAGE' => 'en-US,en;q=0.9,ar-LB;q=0.8,ar;q=0.7,en-GB;q=0.6'
    'HTTP_COOKIE' => '__gads=ID=024da897632b02ab-226091d858a600da:T=1603746421:RT=1603746421:S=ALNI_MYRoGONdHXaiyOqmBFMiZrv2P_8UQ; _ga=GA1.1.194433866.1628985843; _ga_T0LJN5D2DG=GS1.1.1631314539.23.1.1631315289.0; _ga_KVGG2L8B36=GS1.1.1632673549.5.0.1632673549.0; PHPSESSID=h2r5gvh524d12hj1o5vftmk9ha; _csrf=9c7114d7b3baa46a63f529f31f40bb021926ebf436b316eaf6b6452d518221c2a%3A2%3A%7Bi%3A0%3Bs%3A5%3A%22_csrf%22%3Bi%3A1%3Bs%3A32%3A%227B-p6X9kpOSeDFIoQ9T2G77s9p69vBy5%22%3B%7D'
    'PATH' => 'C:\\Windows\\system32;C:\\Windows;C:\\Windows\\System32\\Wbem;C:\\Windows\\System32\\WindowsPowerShell\\v1.0\\;C:\\Windows\\System32\\OpenSSH\\;C:\\Program Files (x86)\\NVIDIA Corporation\\PhysX\\Common;C:\\Program Files\\NVIDIA Corporation\\NVIDIA NvDLISR;C:\\Program Files (x86)\\Intel\\Intel(R) Management Engine Components\\DAL;C:\\Program Files\\Intel\\Intel(R) Management Engine Components\\DAL;C:\\Program Files\\Intel\\WiFi\\bin\\;C:\\Program Files\\Common Files\\Intel\\WirelessCommon\\;C:\\Program Files\\Git\\cmd;C:\\wamp64\\bin\\php\\php7.4.0;C:\\WINDOWS\\system32;C:\\WINDOWS;C:\\WINDOWS\\System32\\Wbem;C:\\WINDOWS\\System32\\WindowsPowerShell\\v1.0\\;C:\\WINDOWS\\System32\\OpenSSH\\;C:\\Program Files (x86)\\PuTTY\\;C:\\WINDOWS\\system32\\config\\systemprofile\\AppData\\Local\\Microsoft\\WindowsApps'
    'SystemRoot' => 'C:\\WINDOWS'
    'COMSPEC' => 'C:\\WINDOWS\\system32\\cmd.exe'
    'PATHEXT' => '.COM;.EXE;.BAT;.CMD;.VBS;.VBE;.JS;.JSE;.WSF;.WSH;.MSC'
    'WINDIR' => 'C:\\WINDOWS'
    'SERVER_SIGNATURE' => '<address>Apache/2.4.41 (Win64) PHP/7.4.0 Server at localhost Port 80</address>
'
    'SERVER_SOFTWARE' => 'Apache/2.4.41 (Win64) PHP/7.4.0'
    'SERVER_NAME' => 'localhost'
    'SERVER_ADDR' => '::1'
    'SERVER_PORT' => '80'
    'REMOTE_ADDR' => '::1'
    'DOCUMENT_ROOT' => 'C:/wamp64/www'
    'REQUEST_SCHEME' => 'http'
    'CONTEXT_PREFIX' => ''
    'CONTEXT_DOCUMENT_ROOT' => 'C:/wamp64/www'
    'SERVER_ADMIN' => 'wampserver@wampserver.invalid'
    'SCRIPT_FILENAME' => 'C:/wamp64/www/room/web/index.php'
    'REMOTE_PORT' => '64831'
    'GATEWAY_INTERFACE' => 'CGI/1.1'
    'SERVER_PROTOCOL' => 'HTTP/1.1'
    'REQUEST_METHOD' => 'GET'
    'QUERY_STRING' => 'r=gii%2Fdefault%2Fview&id=model'
    'REQUEST_URI' => '/room/web/index.php?r=gii%2Fdefault%2Fview&id=model'
    'SCRIPT_NAME' => '/room/web/index.php'
    'PHP_SELF' => '/room/web/index.php'
    'REQUEST_TIME_FLOAT' => 1633545256.361
    'REQUEST_TIME' => 1633545256
]
2021-10-06 19:02:26 [::1][-][h2r5gvh524d12hj1o5vftmk9ha][error][yii\web\HttpException:404] yii\base\InvalidRouteException: Unable to resolve the request "api/". in C:\wamp64\www\room\vendor\yiisoft\yii2\base\Module.php:537
Stack trace:
#0 C:\wamp64\www\room\vendor\yiisoft\yii2\web\Application.php(104): yii\base\Module->runAction('api/', Array)
#1 C:\wamp64\www\room\vendor\yiisoft\yii2\base\Application.php(392): yii\web\Application->handleRequest(Object(yii\web\Request))
#2 C:\wamp64\www\room\web\index.php(12): yii\base\Application->run()
#3 {main}

Next yii\web\NotFoundHttpException: Page not found. in C:\wamp64\www\room\vendor\yiisoft\yii2\web\Application.php:116
Stack trace:
#0 C:\wamp64\www\room\vendor\yiisoft\yii2\base\Application.php(392): yii\web\Application->handleRequest(Object(yii\web\Request))
#1 C:\wamp64\www\room\web\index.php(12): yii\base\Application->run()
#2 {main}
2021-10-06 19:02:26 [::1][-][h2r5gvh524d12hj1o5vftmk9ha][info][application] $_GET = [
    'r' => 'api/'
]

$_POST = []

$_FILES = []

$_COOKIE = [
    '__gads' => 'ID=024da897632b02ab-226091d858a600da:T=1603746421:RT=1603746421:S=ALNI_MYRoGONdHXaiyOqmBFMiZrv2P_8UQ'
    '_ga' => 'GA1.1.194433866.1628985843'
    '_ga_T0LJN5D2DG' => 'GS1.1.1631314539.23.1.1631315289.0'
    '_ga_KVGG2L8B36' => 'GS1.1.1632673549.5.0.1632673549.0'
    'PHPSESSID' => 'h2r5gvh524d12hj1o5vftmk9ha'
    '_csrf' => '9c7114d7b3baa46a63f529f31f40bb021926ebf436b316eaf6b6452d518221c2a:2:{i:0;s:5:\"_csrf\";i:1;s:32:\"7B-p6X9kpOSeDFIoQ9T2G77s9p69vBy5\";}'
]

$_SESSION = [
    '__flash' => []
]

$_SERVER = [
    'HTTP_HOST' => 'localhost'
    'HTTP_CONNECTION' => 'keep-alive'
    'HTTP_SEC_CH_UA' => '\"Chromium\";v=\"94\", \"Google Chrome\";v=\"94\", \";Not A Brand\";v=\"99\"'
    'HTTP_SEC_CH_UA_MOBILE' => '?0'
    'HTTP_SEC_CH_UA_PLATFORM' => '\"Windows\"'
    'HTTP_UPGRADE_INSECURE_REQUESTS' => '1'
    'HTTP_USER_AGENT' => 'Mozilla/5.0 (Windows NT 10.0; Win64; x64) AppleWebKit/537.36 (KHTML, like Gecko) Chrome/94.0.4606.61 Safari/537.36'
    'HTTP_ACCEPT' => 'text/html,application/xhtml+xml,application/xml;q=0.9,image/avif,image/webp,image/apng,*/*;q=0.8,application/signed-exchange;v=b3;q=0.9'
    'HTTP_SEC_FETCH_SITE' => 'none'
    'HTTP_SEC_FETCH_MODE' => 'navigate'
    'HTTP_SEC_FETCH_USER' => '?1'
    'HTTP_SEC_FETCH_DEST' => 'document'
    'HTTP_ACCEPT_ENCODING' => 'gzip, deflate, br'
    'HTTP_ACCEPT_LANGUAGE' => 'en-US,en;q=0.9,ar-LB;q=0.8,ar;q=0.7,en-GB;q=0.6'
    'HTTP_COOKIE' => '__gads=ID=024da897632b02ab-226091d858a600da:T=1603746421:RT=1603746421:S=ALNI_MYRoGONdHXaiyOqmBFMiZrv2P_8UQ; _ga=GA1.1.194433866.1628985843; _ga_T0LJN5D2DG=GS1.1.1631314539.23.1.1631315289.0; _ga_KVGG2L8B36=GS1.1.1632673549.5.0.1632673549.0; PHPSESSID=h2r5gvh524d12hj1o5vftmk9ha; _csrf=9c7114d7b3baa46a63f529f31f40bb021926ebf436b316eaf6b6452d518221c2a%3A2%3A%7Bi%3A0%3Bs%3A5%3A%22_csrf%22%3Bi%3A1%3Bs%3A32%3A%227B-p6X9kpOSeDFIoQ9T2G77s9p69vBy5%22%3B%7D'
    'PATH' => 'C:\\Windows\\system32;C:\\Windows;C:\\Windows\\System32\\Wbem;C:\\Windows\\System32\\WindowsPowerShell\\v1.0\\;C:\\Windows\\System32\\OpenSSH\\;C:\\Program Files (x86)\\NVIDIA Corporation\\PhysX\\Common;C:\\Program Files\\NVIDIA Corporation\\NVIDIA NvDLISR;C:\\Program Files (x86)\\Intel\\Intel(R) Management Engine Components\\DAL;C:\\Program Files\\Intel\\Intel(R) Management Engine Components\\DAL;C:\\Program Files\\Intel\\WiFi\\bin\\;C:\\Program Files\\Common Files\\Intel\\WirelessCommon\\;C:\\Program Files\\Git\\cmd;C:\\wamp64\\bin\\php\\php7.4.0;C:\\WINDOWS\\system32;C:\\WINDOWS;C:\\WINDOWS\\System32\\Wbem;C:\\WINDOWS\\System32\\WindowsPowerShell\\v1.0\\;C:\\WINDOWS\\System32\\OpenSSH\\;C:\\Program Files (x86)\\PuTTY\\;C:\\WINDOWS\\system32\\config\\systemprofile\\AppData\\Local\\Microsoft\\WindowsApps'
    'SystemRoot' => 'C:\\WINDOWS'
    'COMSPEC' => 'C:\\WINDOWS\\system32\\cmd.exe'
    'PATHEXT' => '.COM;.EXE;.BAT;.CMD;.VBS;.VBE;.JS;.JSE;.WSF;.WSH;.MSC'
    'WINDIR' => 'C:\\WINDOWS'
    'SERVER_SIGNATURE' => '<address>Apache/2.4.41 (Win64) PHP/7.4.0 Server at localhost Port 80</address>
'
    'SERVER_SOFTWARE' => 'Apache/2.4.41 (Win64) PHP/7.4.0'
    'SERVER_NAME' => 'localhost'
    'SERVER_ADDR' => '::1'
    'SERVER_PORT' => '80'
    'REMOTE_ADDR' => '::1'
    'DOCUMENT_ROOT' => 'C:/wamp64/www'
    'REQUEST_SCHEME' => 'http'
    'CONTEXT_PREFIX' => ''
    'CONTEXT_DOCUMENT_ROOT' => 'C:/wamp64/www'
    'SERVER_ADMIN' => 'wampserver@wampserver.invalid'
    'SCRIPT_FILENAME' => 'C:/wamp64/www/room/web/index.php'
    'REMOTE_PORT' => '56836'
    'GATEWAY_INTERFACE' => 'CGI/1.1'
    'SERVER_PROTOCOL' => 'HTTP/1.1'
    'REQUEST_METHOD' => 'GET'
    'QUERY_STRING' => 'r=api/'
    'REQUEST_URI' => '/room/web/index.php?r=api/'
    'SCRIPT_NAME' => '/room/web/index.php'
    'PHP_SELF' => '/room/web/index.php'
    'REQUEST_TIME_FLOAT' => 1633546946.34
    'REQUEST_TIME' => 1633546946
]
2021-10-06 19:02:33 [::1][-][h2r5gvh524d12hj1o5vftmk9ha][error][yii\web\HttpException:404] yii\base\InvalidRouteException: Unable to resolve the request "api/image1.jpg". in C:\wamp64\www\room\vendor\yiisoft\yii2\base\Module.php:537
Stack trace:
#0 C:\wamp64\www\room\vendor\yiisoft\yii2\web\Application.php(104): yii\base\Module->runAction('api/image1.jpg', Array)
#1 C:\wamp64\www\room\vendor\yiisoft\yii2\base\Application.php(392): yii\web\Application->handleRequest(Object(yii\web\Request))
#2 C:\wamp64\www\room\web\index.php(12): yii\base\Application->run()
#3 {main}

Next yii\web\NotFoundHttpException: Page not found. in C:\wamp64\www\room\vendor\yiisoft\yii2\web\Application.php:116
Stack trace:
#0 C:\wamp64\www\room\vendor\yiisoft\yii2\base\Application.php(392): yii\web\Application->handleRequest(Object(yii\web\Request))
#1 C:\wamp64\www\room\web\index.php(12): yii\base\Application->run()
#2 {main}
2021-10-06 19:02:33 [::1][-][h2r5gvh524d12hj1o5vftmk9ha][info][application] $_GET = [
    'r' => 'api/image1.jpg'
]

$_POST = []

$_FILES = []

$_COOKIE = [
    '__gads' => 'ID=024da897632b02ab-226091d858a600da:T=1603746421:RT=1603746421:S=ALNI_MYRoGONdHXaiyOqmBFMiZrv2P_8UQ'
    '_ga' => 'GA1.1.194433866.1628985843'
    '_ga_T0LJN5D2DG' => 'GS1.1.1631314539.23.1.1631315289.0'
    '_ga_KVGG2L8B36' => 'GS1.1.1632673549.5.0.1632673549.0'
    'PHPSESSID' => 'h2r5gvh524d12hj1o5vftmk9ha'
    '_csrf' => '9c7114d7b3baa46a63f529f31f40bb021926ebf436b316eaf6b6452d518221c2a:2:{i:0;s:5:\"_csrf\";i:1;s:32:\"7B-p6X9kpOSeDFIoQ9T2G77s9p69vBy5\";}'
]

$_SESSION = [
    '__flash' => []
]

$_SERVER = [
    'HTTP_HOST' => 'localhost'
    'HTTP_CONNECTION' => 'keep-alive'
    'HTTP_SEC_CH_UA' => '\"Chromium\";v=\"94\", \"Google Chrome\";v=\"94\", \";Not A Brand\";v=\"99\"'
    'HTTP_SEC_CH_UA_MOBILE' => '?0'
    'HTTP_SEC_CH_UA_PLATFORM' => '\"Windows\"'
    'HTTP_UPGRADE_INSECURE_REQUESTS' => '1'
    'HTTP_USER_AGENT' => 'Mozilla/5.0 (Windows NT 10.0; Win64; x64) AppleWebKit/537.36 (KHTML, like Gecko) Chrome/94.0.4606.61 Safari/537.36'
    'HTTP_ACCEPT' => 'text/html,application/xhtml+xml,application/xml;q=0.9,image/avif,image/webp,image/apng,*/*;q=0.8,application/signed-exchange;v=b3;q=0.9'
    'HTTP_SEC_FETCH_SITE' => 'none'
    'HTTP_SEC_FETCH_MODE' => 'navigate'
    'HTTP_SEC_FETCH_USER' => '?1'
    'HTTP_SEC_FETCH_DEST' => 'document'
    'HTTP_ACCEPT_ENCODING' => 'gzip, deflate, br'
    'HTTP_ACCEPT_LANGUAGE' => 'en-US,en;q=0.9,ar-LB;q=0.8,ar;q=0.7,en-GB;q=0.6'
    'HTTP_COOKIE' => '__gads=ID=024da897632b02ab-226091d858a600da:T=1603746421:RT=1603746421:S=ALNI_MYRoGONdHXaiyOqmBFMiZrv2P_8UQ; _ga=GA1.1.194433866.1628985843; _ga_T0LJN5D2DG=GS1.1.1631314539.23.1.1631315289.0; _ga_KVGG2L8B36=GS1.1.1632673549.5.0.1632673549.0; PHPSESSID=h2r5gvh524d12hj1o5vftmk9ha; _csrf=9c7114d7b3baa46a63f529f31f40bb021926ebf436b316eaf6b6452d518221c2a%3A2%3A%7Bi%3A0%3Bs%3A5%3A%22_csrf%22%3Bi%3A1%3Bs%3A32%3A%227B-p6X9kpOSeDFIoQ9T2G77s9p69vBy5%22%3B%7D'
    'PATH' => 'C:\\Windows\\system32;C:\\Windows;C:\\Windows\\System32\\Wbem;C:\\Windows\\System32\\WindowsPowerShell\\v1.0\\;C:\\Windows\\System32\\OpenSSH\\;C:\\Program Files (x86)\\NVIDIA Corporation\\PhysX\\Common;C:\\Program Files\\NVIDIA Corporation\\NVIDIA NvDLISR;C:\\Program Files (x86)\\Intel\\Intel(R) Management Engine Components\\DAL;C:\\Program Files\\Intel\\Intel(R) Management Engine Components\\DAL;C:\\Program Files\\Intel\\WiFi\\bin\\;C:\\Program Files\\Common Files\\Intel\\WirelessCommon\\;C:\\Program Files\\Git\\cmd;C:\\wamp64\\bin\\php\\php7.4.0;C:\\WINDOWS\\system32;C:\\WINDOWS;C:\\WINDOWS\\System32\\Wbem;C:\\WINDOWS\\System32\\WindowsPowerShell\\v1.0\\;C:\\WINDOWS\\System32\\OpenSSH\\;C:\\Program Files (x86)\\PuTTY\\;C:\\WINDOWS\\system32\\config\\systemprofile\\AppData\\Local\\Microsoft\\WindowsApps'
    'SystemRoot' => 'C:\\WINDOWS'
    'COMSPEC' => 'C:\\WINDOWS\\system32\\cmd.exe'
    'PATHEXT' => '.COM;.EXE;.BAT;.CMD;.VBS;.VBE;.JS;.JSE;.WSF;.WSH;.MSC'
    'WINDIR' => 'C:\\WINDOWS'
    'SERVER_SIGNATURE' => '<address>Apache/2.4.41 (Win64) PHP/7.4.0 Server at localhost Port 80</address>
'
    'SERVER_SOFTWARE' => 'Apache/2.4.41 (Win64) PHP/7.4.0'
    'SERVER_NAME' => 'localhost'
    'SERVER_ADDR' => '::1'
    'SERVER_PORT' => '80'
    'REMOTE_ADDR' => '::1'
    'DOCUMENT_ROOT' => 'C:/wamp64/www'
    'REQUEST_SCHEME' => 'http'
    'CONTEXT_PREFIX' => ''
    'CONTEXT_DOCUMENT_ROOT' => 'C:/wamp64/www'
    'SERVER_ADMIN' => 'wampserver@wampserver.invalid'
    'SCRIPT_FILENAME' => 'C:/wamp64/www/room/web/index.php'
    'REMOTE_PORT' => '56684'
    'GATEWAY_INTERFACE' => 'CGI/1.1'
    'SERVER_PROTOCOL' => 'HTTP/1.1'
    'REQUEST_METHOD' => 'GET'
    'QUERY_STRING' => 'r=api/image1.jpg'
    'REQUEST_URI' => '/room/web/index.php?r=api/image1.jpg'
    'SCRIPT_NAME' => '/room/web/index.php'
    'PHP_SELF' => '/room/web/index.php'
    'REQUEST_TIME_FLOAT' => 1633546953.066
    'REQUEST_TIME' => 1633546953
]
2021-10-07 22:12:40 [::1][-][h2r5gvh524d12hj1o5vftmk9ha][error][yii\base\ErrorException:8] yii\base\ErrorException: Undefined index: userId in C:\wamp64\www\room\controllers\api\MobileController.php:117
Stack trace:
#0 C:\wamp64\www\room\controllers\api\MobileController.php(117): yii\web\ErrorHandler->handleError()
#1 C:\wamp64\www\room\vendor\yiisoft\yii2\base\InlineAction.php(57): app\controllers\api\MobileController->actionGetProUserPosts()
#2 C:\wamp64\www\room\vendor\yiisoft\yii2\base\InlineAction.php(57): ::call_user_func_array:{C:\wamp64\www\room\vendor\yiisoft\yii2\base\InlineAction.php:57}()
#3 C:\wamp64\www\room\vendor\yiisoft\yii2\base\Controller.php(181): yii\base\InlineAction->runWithParams()
#4 C:\wamp64\www\room\vendor\yiisoft\yii2\base\Module.php(528): app\controllers\api\MobileController->runAction()
#5 C:\wamp64\www\room\vendor\yiisoft\yii2\web\Application.php(104): yii\web\Application->runAction()
#6 C:\wamp64\www\room\vendor\yiisoft\yii2\base\Application.php(392): yii\web\Application->handleRequest()
#7 C:\wamp64\www\room\web\index.php(12): yii\web\Application->run()
#8 {main}
2021-10-07 22:12:40 [::1][-][h2r5gvh524d12hj1o5vftmk9ha][info][application] $_GET = [
    'r' => 'api/mobile/get-pro-user-posts'
]

$_POST = []

$_FILES = []

$_COOKIE = [
    '__gads' => 'ID=024da897632b02ab-226091d858a600da:T=1603746421:RT=1603746421:S=ALNI_MYRoGONdHXaiyOqmBFMiZrv2P_8UQ'
    '_ga' => 'GA1.1.194433866.1628985843'
    '_ga_T0LJN5D2DG' => 'GS1.1.1631314539.23.1.1631315289.0'
    '_ga_KVGG2L8B36' => 'GS1.1.1632673549.5.0.1632673549.0'
    'PHPSESSID' => 'h2r5gvh524d12hj1o5vftmk9ha'
    '_csrf' => '9c7114d7b3baa46a63f529f31f40bb021926ebf436b316eaf6b6452d518221c2a:2:{i:0;s:5:\"_csrf\";i:1;s:32:\"7B-p6X9kpOSeDFIoQ9T2G77s9p69vBy5\";}'
]

$_SESSION = [
    '__flash' => []
]

$_SERVER = [
    'HTTP_HOST' => 'localhost'
    'HTTP_CONNECTION' => 'keep-alive'
    'HTTP_SEC_CH_UA' => '\"Chromium\";v=\"94\", \"Google Chrome\";v=\"94\", \";Not A Brand\";v=\"99\"'
    'HTTP_SEC_CH_UA_MOBILE' => '?0'
    'HTTP_SEC_CH_UA_PLATFORM' => '\"Windows\"'
    'HTTP_UPGRADE_INSECURE_REQUESTS' => '1'
    'HTTP_USER_AGENT' => 'Mozilla/5.0 (Windows NT 10.0; Win64; x64) AppleWebKit/537.36 (KHTML, like Gecko) Chrome/94.0.4606.61 Safari/537.36'
    'HTTP_ACCEPT' => 'text/html,application/xhtml+xml,application/xml;q=0.9,image/avif,image/webp,image/apng,*/*;q=0.8,application/signed-exchange;v=b3;q=0.9'
    'HTTP_SEC_FETCH_SITE' => 'none'
    'HTTP_SEC_FETCH_MODE' => 'navigate'
    'HTTP_SEC_FETCH_USER' => '?1'
    'HTTP_SEC_FETCH_DEST' => 'document'
    'HTTP_ACCEPT_ENCODING' => 'gzip, deflate, br'
    'HTTP_ACCEPT_LANGUAGE' => 'en-US,en;q=0.9,ar-LB;q=0.8,ar;q=0.7,en-GB;q=0.6'
    'HTTP_COOKIE' => '__gads=ID=024da897632b02ab-226091d858a600da:T=1603746421:RT=1603746421:S=ALNI_MYRoGONdHXaiyOqmBFMiZrv2P_8UQ; _ga=GA1.1.194433866.1628985843; _ga_T0LJN5D2DG=GS1.1.1631314539.23.1.1631315289.0; _ga_KVGG2L8B36=GS1.1.1632673549.5.0.1632673549.0; PHPSESSID=h2r5gvh524d12hj1o5vftmk9ha; _csrf=9c7114d7b3baa46a63f529f31f40bb021926ebf436b316eaf6b6452d518221c2a%3A2%3A%7Bi%3A0%3Bs%3A5%3A%22_csrf%22%3Bi%3A1%3Bs%3A32%3A%227B-p6X9kpOSeDFIoQ9T2G77s9p69vBy5%22%3B%7D'
    'PATH' => 'C:\\Windows\\system32;C:\\Windows;C:\\Windows\\System32\\Wbem;C:\\Windows\\System32\\WindowsPowerShell\\v1.0\\;C:\\Windows\\System32\\OpenSSH\\;C:\\Program Files (x86)\\NVIDIA Corporation\\PhysX\\Common;C:\\Program Files\\NVIDIA Corporation\\NVIDIA NvDLISR;C:\\Program Files (x86)\\Intel\\Intel(R) Management Engine Components\\DAL;C:\\Program Files\\Intel\\Intel(R) Management Engine Components\\DAL;C:\\Program Files\\Intel\\WiFi\\bin\\;C:\\Program Files\\Common Files\\Intel\\WirelessCommon\\;C:\\Program Files\\Git\\cmd;C:\\wamp64\\bin\\php\\php7.4.0;C:\\WINDOWS\\system32;C:\\WINDOWS;C:\\WINDOWS\\System32\\Wbem;C:\\WINDOWS\\System32\\WindowsPowerShell\\v1.0\\;C:\\WINDOWS\\System32\\OpenSSH\\;C:\\Program Files (x86)\\PuTTY\\;C:\\WINDOWS\\system32\\config\\systemprofile\\AppData\\Local\\Microsoft\\WindowsApps'
    'SystemRoot' => 'C:\\WINDOWS'
    'COMSPEC' => 'C:\\WINDOWS\\system32\\cmd.exe'
    'PATHEXT' => '.COM;.EXE;.BAT;.CMD;.VBS;.VBE;.JS;.JSE;.WSF;.WSH;.MSC'
    'WINDIR' => 'C:\\WINDOWS'
    'SERVER_SIGNATURE' => '<address>Apache/2.4.41 (Win64) PHP/7.4.0 Server at localhost Port 80</address>
'
    'SERVER_SOFTWARE' => 'Apache/2.4.41 (Win64) PHP/7.4.0'
    'SERVER_NAME' => 'localhost'
    'SERVER_ADDR' => '::1'
    'SERVER_PORT' => '80'
    'REMOTE_ADDR' => '::1'
    'DOCUMENT_ROOT' => 'C:/wamp64/www'
    'REQUEST_SCHEME' => 'http'
    'CONTEXT_PREFIX' => ''
    'CONTEXT_DOCUMENT_ROOT' => 'C:/wamp64/www'
    'SERVER_ADMIN' => 'wampserver@wampserver.invalid'
    'SCRIPT_FILENAME' => 'C:/wamp64/www/room/web/index.php'
    'REMOTE_PORT' => '54989'
    'GATEWAY_INTERFACE' => 'CGI/1.1'
    'SERVER_PROTOCOL' => 'HTTP/1.1'
    'REQUEST_METHOD' => 'GET'
    'QUERY_STRING' => 'r=api/mobile/get-pro-user-posts'
    'REQUEST_URI' => '/room/web/index.php?r=api/mobile/get-pro-user-posts'
    'SCRIPT_NAME' => '/room/web/index.php'
    'PHP_SELF' => '/room/web/index.php'
    'REQUEST_TIME_FLOAT' => 1633644760.569
    'REQUEST_TIME' => 1633644760
]
2021-10-07 22:16:00 [::1][-][h2r5gvh524d12hj1o5vftmk9ha][error][yii\base\ErrorException:8] yii\base\ErrorException: Undefined index: userId in C:\wamp64\www\room\controllers\api\MobileController.php:118
Stack trace:
#0 C:\wamp64\www\room\controllers\api\MobileController.php(118): yii\web\ErrorHandler->handleError()
#1 C:\wamp64\www\room\vendor\yiisoft\yii2\base\InlineAction.php(57): app\controllers\api\MobileController->actionGetProUserPosts()
#2 C:\wamp64\www\room\vendor\yiisoft\yii2\base\InlineAction.php(57): ::call_user_func_array:{C:\wamp64\www\room\vendor\yiisoft\yii2\base\InlineAction.php:57}()
#3 C:\wamp64\www\room\vendor\yiisoft\yii2\base\Controller.php(181): yii\base\InlineAction->runWithParams()
#4 C:\wamp64\www\room\vendor\yiisoft\yii2\base\Module.php(528): app\controllers\api\MobileController->runAction()
#5 C:\wamp64\www\room\vendor\yiisoft\yii2\web\Application.php(104): yii\web\Application->runAction()
#6 C:\wamp64\www\room\vendor\yiisoft\yii2\base\Application.php(392): yii\web\Application->handleRequest()
#7 C:\wamp64\www\room\web\index.php(12): yii\web\Application->run()
#8 {main}
2021-10-07 22:16:00 [::1][-][h2r5gvh524d12hj1o5vftmk9ha][info][application] $_GET = [
    'r' => 'api/mobile/get-pro-user-posts'
]

$_POST = []

$_FILES = []

$_COOKIE = [
    '__gads' => 'ID=024da897632b02ab-226091d858a600da:T=1603746421:RT=1603746421:S=ALNI_MYRoGONdHXaiyOqmBFMiZrv2P_8UQ'
    '_ga' => 'GA1.1.194433866.1628985843'
    '_ga_T0LJN5D2DG' => 'GS1.1.1631314539.23.1.1631315289.0'
    '_ga_KVGG2L8B36' => 'GS1.1.1632673549.5.0.1632673549.0'
    'PHPSESSID' => 'h2r5gvh524d12hj1o5vftmk9ha'
    '_csrf' => '9c7114d7b3baa46a63f529f31f40bb021926ebf436b316eaf6b6452d518221c2a:2:{i:0;s:5:\"_csrf\";i:1;s:32:\"7B-p6X9kpOSeDFIoQ9T2G77s9p69vBy5\";}'
]

$_SESSION = [
    '__flash' => []
]

$_SERVER = [
    'HTTP_HOST' => 'localhost'
    'HTTP_CONNECTION' => 'keep-alive'
    'HTTP_SEC_CH_UA' => '\"Chromium\";v=\"94\", \"Google Chrome\";v=\"94\", \";Not A Brand\";v=\"99\"'
    'HTTP_SEC_CH_UA_MOBILE' => '?0'
    'HTTP_SEC_CH_UA_PLATFORM' => '\"Windows\"'
    'HTTP_UPGRADE_INSECURE_REQUESTS' => '1'
    'HTTP_USER_AGENT' => 'Mozilla/5.0 (Windows NT 10.0; Win64; x64) AppleWebKit/537.36 (KHTML, like Gecko) Chrome/94.0.4606.61 Safari/537.36'
    'HTTP_ACCEPT' => 'text/html,application/xhtml+xml,application/xml;q=0.9,image/avif,image/webp,image/apng,*/*;q=0.8,application/signed-exchange;v=b3;q=0.9'
    'HTTP_SEC_FETCH_SITE' => 'none'
    'HTTP_SEC_FETCH_MODE' => 'navigate'
    'HTTP_SEC_FETCH_USER' => '?1'
    'HTTP_SEC_FETCH_DEST' => 'document'
    'HTTP_ACCEPT_ENCODING' => 'gzip, deflate, br'
    'HTTP_ACCEPT_LANGUAGE' => 'en-US,en;q=0.9,ar-LB;q=0.8,ar;q=0.7,en-GB;q=0.6'
    'HTTP_COOKIE' => '__gads=ID=024da897632b02ab-226091d858a600da:T=1603746421:RT=1603746421:S=ALNI_MYRoGONdHXaiyOqmBFMiZrv2P_8UQ; _ga=GA1.1.194433866.1628985843; _ga_T0LJN5D2DG=GS1.1.1631314539.23.1.1631315289.0; _ga_KVGG2L8B36=GS1.1.1632673549.5.0.1632673549.0; PHPSESSID=h2r5gvh524d12hj1o5vftmk9ha; _csrf=9c7114d7b3baa46a63f529f31f40bb021926ebf436b316eaf6b6452d518221c2a%3A2%3A%7Bi%3A0%3Bs%3A5%3A%22_csrf%22%3Bi%3A1%3Bs%3A32%3A%227B-p6X9kpOSeDFIoQ9T2G77s9p69vBy5%22%3B%7D'
    'PATH' => 'C:\\Windows\\system32;C:\\Windows;C:\\Windows\\System32\\Wbem;C:\\Windows\\System32\\WindowsPowerShell\\v1.0\\;C:\\Windows\\System32\\OpenSSH\\;C:\\Program Files (x86)\\NVIDIA Corporation\\PhysX\\Common;C:\\Program Files\\NVIDIA Corporation\\NVIDIA NvDLISR;C:\\Program Files (x86)\\Intel\\Intel(R) Management Engine Components\\DAL;C:\\Program Files\\Intel\\Intel(R) Management Engine Components\\DAL;C:\\Program Files\\Intel\\WiFi\\bin\\;C:\\Program Files\\Common Files\\Intel\\WirelessCommon\\;C:\\Program Files\\Git\\cmd;C:\\wamp64\\bin\\php\\php7.4.0;C:\\WINDOWS\\system32;C:\\WINDOWS;C:\\WINDOWS\\System32\\Wbem;C:\\WINDOWS\\System32\\WindowsPowerShell\\v1.0\\;C:\\WINDOWS\\System32\\OpenSSH\\;C:\\Program Files (x86)\\PuTTY\\;C:\\WINDOWS\\system32\\config\\systemprofile\\AppData\\Local\\Microsoft\\WindowsApps'
    'SystemRoot' => 'C:\\WINDOWS'
    'COMSPEC' => 'C:\\WINDOWS\\system32\\cmd.exe'
    'PATHEXT' => '.COM;.EXE;.BAT;.CMD;.VBS;.VBE;.JS;.JSE;.WSF;.WSH;.MSC'
    'WINDIR' => 'C:\\WINDOWS'
    'SERVER_SIGNATURE' => '<address>Apache/2.4.41 (Win64) PHP/7.4.0 Server at localhost Port 80</address>
'
    'SERVER_SOFTWARE' => 'Apache/2.4.41 (Win64) PHP/7.4.0'
    'SERVER_NAME' => 'localhost'
    'SERVER_ADDR' => '::1'
    'SERVER_PORT' => '80'
    'REMOTE_ADDR' => '::1'
    'DOCUMENT_ROOT' => 'C:/wamp64/www'
    'REQUEST_SCHEME' => 'http'
    'CONTEXT_PREFIX' => ''
    'CONTEXT_DOCUMENT_ROOT' => 'C:/wamp64/www'
    'SERVER_ADMIN' => 'wampserver@wampserver.invalid'
    'SCRIPT_FILENAME' => 'C:/wamp64/www/room/web/index.php'
    'REMOTE_PORT' => '52195'
    'GATEWAY_INTERFACE' => 'CGI/1.1'
    'SERVER_PROTOCOL' => 'HTTP/1.1'
    'REQUEST_METHOD' => 'GET'
    'QUERY_STRING' => 'r=api/mobile/get-pro-user-posts'
    'REQUEST_URI' => '/room/web/index.php?r=api/mobile/get-pro-user-posts'
    'SCRIPT_NAME' => '/room/web/index.php'
    'PHP_SELF' => '/room/web/index.php'
    'REQUEST_TIME_FLOAT' => 1633644960.179
    'REQUEST_TIME' => 1633644960
]
2021-10-11 16:56:40 [::1][-][h2r5gvh524d12hj1o5vftmk9ha][error][yii\base\ErrorException:8] yii\base\ErrorException: Undefined index: userId in C:\wamp64\www\room\controllers\api\MobileController.php:84
Stack trace:
#0 C:\wamp64\www\room\controllers\api\MobileController.php(84): yii\web\ErrorHandler->handleError()
#1 C:\wamp64\www\room\vendor\yiisoft\yii2\base\InlineAction.php(57): app\controllers\api\MobileController->actionGetRooms()
#2 C:\wamp64\www\room\vendor\yiisoft\yii2\base\InlineAction.php(57): ::call_user_func_array:{C:\wamp64\www\room\vendor\yiisoft\yii2\base\InlineAction.php:57}()
#3 C:\wamp64\www\room\vendor\yiisoft\yii2\base\Controller.php(181): yii\base\InlineAction->runWithParams()
#4 C:\wamp64\www\room\vendor\yiisoft\yii2\base\Module.php(528): app\controllers\api\MobileController->runAction()
#5 C:\wamp64\www\room\vendor\yiisoft\yii2\web\Application.php(104): yii\web\Application->runAction()
#6 C:\wamp64\www\room\vendor\yiisoft\yii2\base\Application.php(392): yii\web\Application->handleRequest()
#7 C:\wamp64\www\room\web\index.php(12): yii\web\Application->run()
#8 {main}
2021-10-11 16:56:40 [::1][-][h2r5gvh524d12hj1o5vftmk9ha][info][application] $_GET = [
    'r' => 'api/mobile/get-rooms'
]

$_POST = []

$_FILES = []

$_COOKIE = [
    '__gads' => 'ID=024da897632b02ab-226091d858a600da:T=1603746421:RT=1603746421:S=ALNI_MYRoGONdHXaiyOqmBFMiZrv2P_8UQ'
    '_ga' => 'GA1.1.194433866.1628985843'
    '_ga_T0LJN5D2DG' => 'GS1.1.1631314539.23.1.1631315289.0'
    '_ga_KVGG2L8B36' => 'GS1.1.1632673549.5.0.1632673549.0'
    'PHPSESSID' => 'h2r5gvh524d12hj1o5vftmk9ha'
    '_csrf' => '9c7114d7b3baa46a63f529f31f40bb021926ebf436b316eaf6b6452d518221c2a:2:{i:0;s:5:\"_csrf\";i:1;s:32:\"7B-p6X9kpOSeDFIoQ9T2G77s9p69vBy5\";}'
]

$_SESSION = [
    '__flash' => []
]

$_SERVER = [
    'HTTP_HOST' => 'localhost'
    'HTTP_CONNECTION' => 'keep-alive'
    'HTTP_SEC_CH_UA' => '\"Chromium\";v=\"94\", \"Google Chrome\";v=\"94\", \";Not A Brand\";v=\"99\"'
    'HTTP_SEC_CH_UA_MOBILE' => '?0'
    'HTTP_SEC_CH_UA_PLATFORM' => '\"Windows\"'
    'HTTP_UPGRADE_INSECURE_REQUESTS' => '1'
    'HTTP_USER_AGENT' => 'Mozilla/5.0 (Windows NT 10.0; Win64; x64) AppleWebKit/537.36 (KHTML, like Gecko) Chrome/94.0.4606.71 Safari/537.36'
    'HTTP_ACCEPT' => 'text/html,application/xhtml+xml,application/xml;q=0.9,image/avif,image/webp,image/apng,*/*;q=0.8,application/signed-exchange;v=b3;q=0.9'
    'HTTP_SEC_FETCH_SITE' => 'none'
    'HTTP_SEC_FETCH_MODE' => 'navigate'
    'HTTP_SEC_FETCH_USER' => '?1'
    'HTTP_SEC_FETCH_DEST' => 'document'
    'HTTP_ACCEPT_ENCODING' => 'gzip, deflate, br'
    'HTTP_ACCEPT_LANGUAGE' => 'en-US,en;q=0.9,ar-LB;q=0.8,ar;q=0.7,en-GB;q=0.6'
    'HTTP_COOKIE' => '__gads=ID=024da897632b02ab-226091d858a600da:T=1603746421:RT=1603746421:S=ALNI_MYRoGONdHXaiyOqmBFMiZrv2P_8UQ; _ga=GA1.1.194433866.1628985843; _ga_T0LJN5D2DG=GS1.1.1631314539.23.1.1631315289.0; _ga_KVGG2L8B36=GS1.1.1632673549.5.0.1632673549.0; PHPSESSID=h2r5gvh524d12hj1o5vftmk9ha; _csrf=9c7114d7b3baa46a63f529f31f40bb021926ebf436b316eaf6b6452d518221c2a%3A2%3A%7Bi%3A0%3Bs%3A5%3A%22_csrf%22%3Bi%3A1%3Bs%3A32%3A%227B-p6X9kpOSeDFIoQ9T2G77s9p69vBy5%22%3B%7D'
    'PATH' => 'C:\\Windows\\system32;C:\\Windows;C:\\Windows\\System32\\Wbem;C:\\Windows\\System32\\WindowsPowerShell\\v1.0\\;C:\\Windows\\System32\\OpenSSH\\;C:\\Program Files (x86)\\NVIDIA Corporation\\PhysX\\Common;C:\\Program Files\\NVIDIA Corporation\\NVIDIA NvDLISR;C:\\Program Files (x86)\\Intel\\Intel(R) Management Engine Components\\DAL;C:\\Program Files\\Intel\\Intel(R) Management Engine Components\\DAL;C:\\Program Files\\Intel\\WiFi\\bin\\;C:\\Program Files\\Common Files\\Intel\\WirelessCommon\\;C:\\Program Files\\Git\\cmd;C:\\wamp64\\bin\\php\\php7.4.0;C:\\WINDOWS\\system32;C:\\WINDOWS;C:\\WINDOWS\\System32\\Wbem;C:\\WINDOWS\\System32\\WindowsPowerShell\\v1.0\\;C:\\WINDOWS\\System32\\OpenSSH\\;C:\\Program Files (x86)\\PuTTY\\;C:\\WINDOWS\\system32\\config\\systemprofile\\AppData\\Local\\Microsoft\\WindowsApps'
    'SystemRoot' => 'C:\\WINDOWS'
    'COMSPEC' => 'C:\\WINDOWS\\system32\\cmd.exe'
    'PATHEXT' => '.COM;.EXE;.BAT;.CMD;.VBS;.VBE;.JS;.JSE;.WSF;.WSH;.MSC'
    'WINDIR' => 'C:\\WINDOWS'
    'SERVER_SIGNATURE' => '<address>Apache/2.4.41 (Win64) PHP/7.4.0 Server at localhost Port 80</address>
'
    'SERVER_SOFTWARE' => 'Apache/2.4.41 (Win64) PHP/7.4.0'
    'SERVER_NAME' => 'localhost'
    'SERVER_ADDR' => '::1'
    'SERVER_PORT' => '80'
    'REMOTE_ADDR' => '::1'
    'DOCUMENT_ROOT' => 'C:/wamp64/www'
    'REQUEST_SCHEME' => 'http'
    'CONTEXT_PREFIX' => ''
    'CONTEXT_DOCUMENT_ROOT' => 'C:/wamp64/www'
    'SERVER_ADMIN' => 'wampserver@wampserver.invalid'
    'SCRIPT_FILENAME' => 'C:/wamp64/www/room/web/index.php'
    'REMOTE_PORT' => '61297'
    'GATEWAY_INTERFACE' => 'CGI/1.1'
    'SERVER_PROTOCOL' => 'HTTP/1.1'
    'REQUEST_METHOD' => 'GET'
    'QUERY_STRING' => 'r=api/mobile/get-rooms'
    'REQUEST_URI' => '/room/web/index.php?r=api/mobile/get-rooms'
    'SCRIPT_NAME' => '/room/web/index.php'
    'PHP_SELF' => '/room/web/index.php'
    'REQUEST_TIME_FLOAT' => 1633971400.316
    'REQUEST_TIME' => 1633971400
]
2021-10-11 21:24:41 [::1][-][h2r5gvh524d12hj1o5vftmk9ha][error][yii\base\ErrorException:8] yii\base\ErrorException: Undefined index: userId in C:\wamp64\www\room\controllers\api\MobileController.php:122
Stack trace:
#0 C:\wamp64\www\room\controllers\api\MobileController.php(122): yii\web\ErrorHandler->handleError()
#1 C:\wamp64\www\room\vendor\yiisoft\yii2\base\InlineAction.php(57): app\controllers\api\MobileController->actionGetProUserPosts()
#2 C:\wamp64\www\room\vendor\yiisoft\yii2\base\InlineAction.php(57): ::call_user_func_array:{C:\wamp64\www\room\vendor\yiisoft\yii2\base\InlineAction.php:57}()
#3 C:\wamp64\www\room\vendor\yiisoft\yii2\base\Controller.php(181): yii\base\InlineAction->runWithParams()
#4 C:\wamp64\www\room\vendor\yiisoft\yii2\base\Module.php(528): app\controllers\api\MobileController->runAction()
#5 C:\wamp64\www\room\vendor\yiisoft\yii2\web\Application.php(104): yii\web\Application->runAction()
#6 C:\wamp64\www\room\vendor\yiisoft\yii2\base\Application.php(392): yii\web\Application->handleRequest()
#7 C:\wamp64\www\room\web\index.php(12): yii\web\Application->run()
#8 {main}
2021-10-11 21:24:41 [::1][-][h2r5gvh524d12hj1o5vftmk9ha][info][application] $_GET = [
    'r' => 'api/mobile/get-pro-user-posts'
]

$_POST = []

$_FILES = []

$_COOKIE = [
    '__gads' => 'ID=024da897632b02ab-226091d858a600da:T=1603746421:RT=1603746421:S=ALNI_MYRoGONdHXaiyOqmBFMiZrv2P_8UQ'
    '_ga' => 'GA1.1.194433866.1628985843'
    '_ga_T0LJN5D2DG' => 'GS1.1.1631314539.23.1.1631315289.0'
    '_ga_KVGG2L8B36' => 'GS1.1.1632673549.5.0.1632673549.0'
    'PHPSESSID' => 'h2r5gvh524d12hj1o5vftmk9ha'
    '_csrf' => '9c7114d7b3baa46a63f529f31f40bb021926ebf436b316eaf6b6452d518221c2a:2:{i:0;s:5:\"_csrf\";i:1;s:32:\"7B-p6X9kpOSeDFIoQ9T2G77s9p69vBy5\";}'
]

$_SESSION = [
    '__flash' => []
]

$_SERVER = [
    'HTTP_HOST' => 'localhost'
    'HTTP_CONNECTION' => 'keep-alive'
    'HTTP_SEC_CH_UA' => '\"Chromium\";v=\"94\", \"Google Chrome\";v=\"94\", \";Not A Brand\";v=\"99\"'
    'HTTP_SEC_CH_UA_MOBILE' => '?0'
    'HTTP_SEC_CH_UA_PLATFORM' => '\"Windows\"'
    'HTTP_UPGRADE_INSECURE_REQUESTS' => '1'
    'HTTP_USER_AGENT' => 'Mozilla/5.0 (Windows NT 10.0; Win64; x64) AppleWebKit/537.36 (KHTML, like Gecko) Chrome/94.0.4606.71 Safari/537.36'
    'HTTP_ACCEPT' => 'text/html,application/xhtml+xml,application/xml;q=0.9,image/avif,image/webp,image/apng,*/*;q=0.8,application/signed-exchange;v=b3;q=0.9'
    'HTTP_SEC_FETCH_SITE' => 'none'
    'HTTP_SEC_FETCH_MODE' => 'navigate'
    'HTTP_SEC_FETCH_USER' => '?1'
    'HTTP_SEC_FETCH_DEST' => 'document'
    'HTTP_ACCEPT_ENCODING' => 'gzip, deflate, br'
    'HTTP_ACCEPT_LANGUAGE' => 'en-US,en;q=0.9,ar-LB;q=0.8,ar;q=0.7,en-GB;q=0.6'
    'HTTP_COOKIE' => '__gads=ID=024da897632b02ab-226091d858a600da:T=1603746421:RT=1603746421:S=ALNI_MYRoGONdHXaiyOqmBFMiZrv2P_8UQ; _ga=GA1.1.194433866.1628985843; _ga_T0LJN5D2DG=GS1.1.1631314539.23.1.1631315289.0; _ga_KVGG2L8B36=GS1.1.1632673549.5.0.1632673549.0; PHPSESSID=h2r5gvh524d12hj1o5vftmk9ha; _csrf=9c7114d7b3baa46a63f529f31f40bb021926ebf436b316eaf6b6452d518221c2a%3A2%3A%7Bi%3A0%3Bs%3A5%3A%22_csrf%22%3Bi%3A1%3Bs%3A32%3A%227B-p6X9kpOSeDFIoQ9T2G77s9p69vBy5%22%3B%7D'
    'PATH' => 'C:\\Windows\\system32;C:\\Windows;C:\\Windows\\System32\\Wbem;C:\\Windows\\System32\\WindowsPowerShell\\v1.0\\;C:\\Windows\\System32\\OpenSSH\\;C:\\Program Files (x86)\\NVIDIA Corporation\\PhysX\\Common;C:\\Program Files\\NVIDIA Corporation\\NVIDIA NvDLISR;C:\\Program Files (x86)\\Intel\\Intel(R) Management Engine Components\\DAL;C:\\Program Files\\Intel\\Intel(R) Management Engine Components\\DAL;C:\\Program Files\\Intel\\WiFi\\bin\\;C:\\Program Files\\Common Files\\Intel\\WirelessCommon\\;C:\\Program Files\\Git\\cmd;C:\\wamp64\\bin\\php\\php7.4.0;C:\\WINDOWS\\system32;C:\\WINDOWS;C:\\WINDOWS\\System32\\Wbem;C:\\WINDOWS\\System32\\WindowsPowerShell\\v1.0\\;C:\\WINDOWS\\System32\\OpenSSH\\;C:\\Program Files (x86)\\PuTTY\\;C:\\WINDOWS\\system32\\config\\systemprofile\\AppData\\Local\\Microsoft\\WindowsApps'
    'SystemRoot' => 'C:\\WINDOWS'
    'COMSPEC' => 'C:\\WINDOWS\\system32\\cmd.exe'
    'PATHEXT' => '.COM;.EXE;.BAT;.CMD;.VBS;.VBE;.JS;.JSE;.WSF;.WSH;.MSC'
    'WINDIR' => 'C:\\WINDOWS'
    'SERVER_SIGNATURE' => '<address>Apache/2.4.41 (Win64) PHP/7.4.0 Server at localhost Port 80</address>
'
    'SERVER_SOFTWARE' => 'Apache/2.4.41 (Win64) PHP/7.4.0'
    'SERVER_NAME' => 'localhost'
    'SERVER_ADDR' => '::1'
    'SERVER_PORT' => '80'
    'REMOTE_ADDR' => '::1'
    'DOCUMENT_ROOT' => 'C:/wamp64/www'
    'REQUEST_SCHEME' => 'http'
    'CONTEXT_PREFIX' => ''
    'CONTEXT_DOCUMENT_ROOT' => 'C:/wamp64/www'
    'SERVER_ADMIN' => 'wampserver@wampserver.invalid'
    'SCRIPT_FILENAME' => 'C:/wamp64/www/room/web/index.php'
    'REMOTE_PORT' => '60306'
    'GATEWAY_INTERFACE' => 'CGI/1.1'
    'SERVER_PROTOCOL' => 'HTTP/1.1'
    'REQUEST_METHOD' => 'GET'
    'QUERY_STRING' => 'r=api/mobile/get-pro-user-posts'
    'REQUEST_URI' => '/room/web/index.php?r=api/mobile/get-pro-user-posts'
    'SCRIPT_NAME' => '/room/web/index.php'
    'PHP_SELF' => '/room/web/index.php'
    'REQUEST_TIME_FLOAT' => 1633987481.256
    'REQUEST_TIME' => 1633987481
]
2021-10-11 21:26:11 [::1][-][h2r5gvh524d12hj1o5vftmk9ha][error][yii\db\Exception] PDOException: SQLSTATE[42000]: Syntax error or access violation: 1064 You have an error in your SQL syntax; check the manual that corresponds to your MySQL server version for the right syntax to use near 'GROUP BY `pro_user_posts`.`user_id`' at line 1 in C:\wamp64\www\room\vendor\yiisoft\yii2\db\Command.php:1299
Stack trace:
#0 C:\wamp64\www\room\vendor\yiisoft\yii2\db\Command.php(1299): PDOStatement->execute()
#1 C:\wamp64\www\room\vendor\yiisoft\yii2\db\Command.php(1165): yii\db\Command->internalExecute('SELECT `pro_use...')
#2 C:\wamp64\www\room\vendor\yiisoft\yii2\db\Command.php(407): yii\db\Command->queryInternal('fetchAll', NULL)
#3 C:\wamp64\www\room\vendor\yiisoft\yii2\db\Query.php(248): yii\db\Command->queryAll()
#4 C:\wamp64\www\room\vendor\yiisoft\yii2\db\ActiveQuery.php(133): yii\db\Query->all(NULL)
#5 C:\wamp64\www\room\controllers\api\MobileController.php(114): yii\db\ActiveQuery->all()
#6 [internal function]: app\controllers\api\MobileController->actionGetProUsersPosts()
#7 C:\wamp64\www\room\vendor\yiisoft\yii2\base\InlineAction.php(57): call_user_func_array(Array, Array)
#8 C:\wamp64\www\room\vendor\yiisoft\yii2\base\Controller.php(181): yii\base\InlineAction->runWithParams(Array)
#9 C:\wamp64\www\room\vendor\yiisoft\yii2\base\Module.php(528): yii\base\Controller->runAction('get-pro-users-p...', Array)
#10 C:\wamp64\www\room\vendor\yiisoft\yii2\web\Application.php(104): yii\base\Module->runAction('api/mobile/get-...', Array)
#11 C:\wamp64\www\room\vendor\yiisoft\yii2\base\Application.php(392): yii\web\Application->handleRequest(Object(yii\web\Request))
#12 C:\wamp64\www\room\web\index.php(12): yii\base\Application->run()
#13 {main}

Next yii\db\Exception: SQLSTATE[42000]: Syntax error or access violation: 1064 You have an error in your SQL syntax; check the manual that corresponds to your MySQL server version for the right syntax to use near 'GROUP BY `pro_user_posts`.`user_id`' at line 1
The SQL being executed was: SELECT `pro_user_posts`.*, `users`.`fullname`, `users`.`profile_picture` FROM `pro_user_posts` LEFT JOIN `users` GROUP BY `pro_user_posts`.`user_id` in C:\wamp64\www\room\vendor\yiisoft\yii2\db\Schema.php:678
Stack trace:
#0 C:\wamp64\www\room\vendor\yiisoft\yii2\db\Command.php(1304): yii\db\Schema->convertException(Object(PDOException), 'SELECT `pro_use...')
#1 C:\wamp64\www\room\vendor\yiisoft\yii2\db\Command.php(1165): yii\db\Command->internalExecute('SELECT `pro_use...')
#2 C:\wamp64\www\room\vendor\yiisoft\yii2\db\Command.php(407): yii\db\Command->queryInternal('fetchAll', NULL)
#3 C:\wamp64\www\room\vendor\yiisoft\yii2\db\Query.php(248): yii\db\Command->queryAll()
#4 C:\wamp64\www\room\vendor\yiisoft\yii2\db\ActiveQuery.php(133): yii\db\Query->all(NULL)
#5 C:\wamp64\www\room\controllers\api\MobileController.php(114): yii\db\ActiveQuery->all()
#6 [internal function]: app\controllers\api\MobileController->actionGetProUsersPosts()
#7 C:\wamp64\www\room\vendor\yiisoft\yii2\base\InlineAction.php(57): call_user_func_array(Array, Array)
#8 C:\wamp64\www\room\vendor\yiisoft\yii2\base\Controller.php(181): yii\base\InlineAction->runWithParams(Array)
#9 C:\wamp64\www\room\vendor\yiisoft\yii2\base\Module.php(528): yii\base\Controller->runAction('get-pro-users-p...', Array)
#10 C:\wamp64\www\room\vendor\yiisoft\yii2\web\Application.php(104): yii\base\Module->runAction('api/mobile/get-...', Array)
#11 C:\wamp64\www\room\vendor\yiisoft\yii2\base\Application.php(392): yii\web\Application->handleRequest(Object(yii\web\Request))
#12 C:\wamp64\www\room\web\index.php(12): yii\base\Application->run()
#13 {main}
Additional Information:
Array
(
    [0] => 42000
    [1] => 1064
    [2] => You have an error in your SQL syntax; check the manual that corresponds to your MySQL server version for the right syntax to use near 'GROUP BY `pro_user_posts`.`user_id`' at line 1
)

2021-10-11 21:26:11 [::1][-][h2r5gvh524d12hj1o5vftmk9ha][info][application] $_GET = [
    'r' => 'api/mobile/get-pro-users-posts'
]

$_POST = []

$_FILES = []

$_COOKIE = [
    '__gads' => 'ID=024da897632b02ab-226091d858a600da:T=1603746421:RT=1603746421:S=ALNI_MYRoGONdHXaiyOqmBFMiZrv2P_8UQ'
    '_ga' => 'GA1.1.194433866.1628985843'
    '_ga_T0LJN5D2DG' => 'GS1.1.1631314539.23.1.1631315289.0'
    '_ga_KVGG2L8B36' => 'GS1.1.1632673549.5.0.1632673549.0'
    'PHPSESSID' => 'h2r5gvh524d12hj1o5vftmk9ha'
    '_csrf' => '9c7114d7b3baa46a63f529f31f40bb021926ebf436b316eaf6b6452d518221c2a:2:{i:0;s:5:\"_csrf\";i:1;s:32:\"7B-p6X9kpOSeDFIoQ9T2G77s9p69vBy5\";}'
]

$_SESSION = [
    '__flash' => []
]

$_SERVER = [
    'HTTP_HOST' => 'localhost'
    'HTTP_CONNECTION' => 'keep-alive'
    'HTTP_CACHE_CONTROL' => 'max-age=0'
    'HTTP_SEC_CH_UA' => '\"Chromium\";v=\"94\", \"Google Chrome\";v=\"94\", \";Not A Brand\";v=\"99\"'
    'HTTP_SEC_CH_UA_MOBILE' => '?0'
    'HTTP_SEC_CH_UA_PLATFORM' => '\"Windows\"'
    'HTTP_UPGRADE_INSECURE_REQUESTS' => '1'
    'HTTP_USER_AGENT' => 'Mozilla/5.0 (Windows NT 10.0; Win64; x64) AppleWebKit/537.36 (KHTML, like Gecko) Chrome/94.0.4606.71 Safari/537.36'
    'HTTP_ACCEPT' => 'text/html,application/xhtml+xml,application/xml;q=0.9,image/avif,image/webp,image/apng,*/*;q=0.8,application/signed-exchange;v=b3;q=0.9'
    'HTTP_SEC_FETCH_SITE' => 'none'
    'HTTP_SEC_FETCH_MODE' => 'navigate'
    'HTTP_SEC_FETCH_USER' => '?1'
    'HTTP_SEC_FETCH_DEST' => 'document'
    'HTTP_ACCEPT_ENCODING' => 'gzip, deflate, br'
    'HTTP_ACCEPT_LANGUAGE' => 'en-US,en;q=0.9,ar-LB;q=0.8,ar;q=0.7,en-GB;q=0.6'
    'HTTP_COOKIE' => '__gads=ID=024da897632b02ab-226091d858a600da:T=1603746421:RT=1603746421:S=ALNI_MYRoGONdHXaiyOqmBFMiZrv2P_8UQ; _ga=GA1.1.194433866.1628985843; _ga_T0LJN5D2DG=GS1.1.1631314539.23.1.1631315289.0; _ga_KVGG2L8B36=GS1.1.1632673549.5.0.1632673549.0; PHPSESSID=h2r5gvh524d12hj1o5vftmk9ha; _csrf=9c7114d7b3baa46a63f529f31f40bb021926ebf436b316eaf6b6452d518221c2a%3A2%3A%7Bi%3A0%3Bs%3A5%3A%22_csrf%22%3Bi%3A1%3Bs%3A32%3A%227B-p6X9kpOSeDFIoQ9T2G77s9p69vBy5%22%3B%7D'
    'PATH' => 'C:\\Windows\\system32;C:\\Windows;C:\\Windows\\System32\\Wbem;C:\\Windows\\System32\\WindowsPowerShell\\v1.0\\;C:\\Windows\\System32\\OpenSSH\\;C:\\Program Files (x86)\\NVIDIA Corporation\\PhysX\\Common;C:\\Program Files\\NVIDIA Corporation\\NVIDIA NvDLISR;C:\\Program Files (x86)\\Intel\\Intel(R) Management Engine Components\\DAL;C:\\Program Files\\Intel\\Intel(R) Management Engine Components\\DAL;C:\\Program Files\\Intel\\WiFi\\bin\\;C:\\Program Files\\Common Files\\Intel\\WirelessCommon\\;C:\\Program Files\\Git\\cmd;C:\\wamp64\\bin\\php\\php7.4.0;C:\\WINDOWS\\system32;C:\\WINDOWS;C:\\WINDOWS\\System32\\Wbem;C:\\WINDOWS\\System32\\WindowsPowerShell\\v1.0\\;C:\\WINDOWS\\System32\\OpenSSH\\;C:\\Program Files (x86)\\PuTTY\\;C:\\WINDOWS\\system32\\config\\systemprofile\\AppData\\Local\\Microsoft\\WindowsApps'
    'SystemRoot' => 'C:\\WINDOWS'
    'COMSPEC' => 'C:\\WINDOWS\\system32\\cmd.exe'
    'PATHEXT' => '.COM;.EXE;.BAT;.CMD;.VBS;.VBE;.JS;.JSE;.WSF;.WSH;.MSC'
    'WINDIR' => 'C:\\WINDOWS'
    'SERVER_SIGNATURE' => '<address>Apache/2.4.41 (Win64) PHP/7.4.0 Server at localhost Port 80</address>
'
    'SERVER_SOFTWARE' => 'Apache/2.4.41 (Win64) PHP/7.4.0'
    'SERVER_NAME' => 'localhost'
    'SERVER_ADDR' => '::1'
    'SERVER_PORT' => '80'
    'REMOTE_ADDR' => '::1'
    'DOCUMENT_ROOT' => 'C:/wamp64/www'
    'REQUEST_SCHEME' => 'http'
    'CONTEXT_PREFIX' => ''
    'CONTEXT_DOCUMENT_ROOT' => 'C:/wamp64/www'
    'SERVER_ADMIN' => 'wampserver@wampserver.invalid'
    'SCRIPT_FILENAME' => 'C:/wamp64/www/room/web/index.php'
    'REMOTE_PORT' => '62937'
    'GATEWAY_INTERFACE' => 'CGI/1.1'
    'SERVER_PROTOCOL' => 'HTTP/1.1'
    'REQUEST_METHOD' => 'GET'
    'QUERY_STRING' => 'r=api/mobile/get-pro-users-posts'
    'REQUEST_URI' => '/room/web/index.php?r=api/mobile/get-pro-users-posts'
    'SCRIPT_NAME' => '/room/web/index.php'
    'PHP_SELF' => '/room/web/index.php'
    'REQUEST_TIME_FLOAT' => 1633987571.144
    'REQUEST_TIME' => 1633987571
]
2021-10-11 21:27:41 [::1][-][h2r5gvh524d12hj1o5vftmk9ha][error][yii\db\Exception] PDOException: SQLSTATE[42000]: Syntax error or access violation: 1064 You have an error in your SQL syntax; check the manual that corresponds to your MySQL server version for the right syntax to use near 'GROUP BY `pro_user_posts`.`user_id`' at line 1 in C:\wamp64\www\room\vendor\yiisoft\yii2\db\Command.php:1299
Stack trace:
#0 C:\wamp64\www\room\vendor\yiisoft\yii2\db\Command.php(1299): PDOStatement->execute()
#1 C:\wamp64\www\room\vendor\yiisoft\yii2\db\Command.php(1165): yii\db\Command->internalExecute('SELECT `pro_use...')
#2 C:\wamp64\www\room\vendor\yiisoft\yii2\db\Command.php(407): yii\db\Command->queryInternal('fetchAll', NULL)
#3 C:\wamp64\www\room\vendor\yiisoft\yii2\db\Query.php(248): yii\db\Command->queryAll()
#4 C:\wamp64\www\room\controllers\api\MobileController.php(115): yii\db\Query->all()
#5 [internal function]: app\controllers\api\MobileController->actionGetProUsersPosts()
#6 C:\wamp64\www\room\vendor\yiisoft\yii2\base\InlineAction.php(57): call_user_func_array(Array, Array)
#7 C:\wamp64\www\room\vendor\yiisoft\yii2\base\Controller.php(181): yii\base\InlineAction->runWithParams(Array)
#8 C:\wamp64\www\room\vendor\yiisoft\yii2\base\Module.php(528): yii\base\Controller->runAction('get-pro-users-p...', Array)
#9 C:\wamp64\www\room\vendor\yiisoft\yii2\web\Application.php(104): yii\base\Module->runAction('api/mobile/get-...', Array)
#10 C:\wamp64\www\room\vendor\yiisoft\yii2\base\Application.php(392): yii\web\Application->handleRequest(Object(yii\web\Request))
#11 C:\wamp64\www\room\web\index.php(12): yii\base\Application->run()
#12 {main}

Next yii\db\Exception: SQLSTATE[42000]: Syntax error or access violation: 1064 You have an error in your SQL syntax; check the manual that corresponds to your MySQL server version for the right syntax to use near 'GROUP BY `pro_user_posts`.`user_id`' at line 1
The SQL being executed was: SELECT `pro_user_posts`.*, `users`.`fullname`, `users`.`profile_picture` FROM `pro_user_posts` LEFT JOIN `users` GROUP BY `pro_user_posts`.`user_id` in C:\wamp64\www\room\vendor\yiisoft\yii2\db\Schema.php:678
Stack trace:
#0 C:\wamp64\www\room\vendor\yiisoft\yii2\db\Command.php(1304): yii\db\Schema->convertException(Object(PDOException), 'SELECT `pro_use...')
#1 C:\wamp64\www\room\vendor\yiisoft\yii2\db\Command.php(1165): yii\db\Command->internalExecute('SELECT `pro_use...')
#2 C:\wamp64\www\room\vendor\yiisoft\yii2\db\Command.php(407): yii\db\Command->queryInternal('fetchAll', NULL)
#3 C:\wamp64\www\room\vendor\yiisoft\yii2\db\Query.php(248): yii\db\Command->queryAll()
#4 C:\wamp64\www\room\controllers\api\MobileController.php(115): yii\db\Query->all()
#5 [internal function]: app\controllers\api\MobileController->actionGetProUsersPosts()
#6 C:\wamp64\www\room\vendor\yiisoft\yii2\base\InlineAction.php(57): call_user_func_array(Array, Array)
#7 C:\wamp64\www\room\vendor\yiisoft\yii2\base\Controller.php(181): yii\base\InlineAction->runWithParams(Array)
#8 C:\wamp64\www\room\vendor\yiisoft\yii2\base\Module.php(528): yii\base\Controller->runAction('get-pro-users-p...', Array)
#9 C:\wamp64\www\room\vendor\yiisoft\yii2\web\Application.php(104): yii\base\Module->runAction('api/mobile/get-...', Array)
#10 C:\wamp64\www\room\vendor\yiisoft\yii2\base\Application.php(392): yii\web\Application->handleRequest(Object(yii\web\Request))
#11 C:\wamp64\www\room\web\index.php(12): yii\base\Application->run()
#12 {main}
Additional Information:
Array
(
    [0] => 42000
    [1] => 1064
    [2] => You have an error in your SQL syntax; check the manual that corresponds to your MySQL server version for the right syntax to use near 'GROUP BY `pro_user_posts`.`user_id`' at line 1
)

2021-10-11 21:27:41 [::1][-][h2r5gvh524d12hj1o5vftmk9ha][info][application] $_GET = [
    'r' => 'api/mobile/get-pro-users-posts'
]

$_POST = []

$_FILES = []

$_COOKIE = [
    '__gads' => 'ID=024da897632b02ab-226091d858a600da:T=1603746421:RT=1603746421:S=ALNI_MYRoGONdHXaiyOqmBFMiZrv2P_8UQ'
    '_ga' => 'GA1.1.194433866.1628985843'
    '_ga_T0LJN5D2DG' => 'GS1.1.1631314539.23.1.1631315289.0'
    '_ga_KVGG2L8B36' => 'GS1.1.1632673549.5.0.1632673549.0'
    'PHPSESSID' => 'h2r5gvh524d12hj1o5vftmk9ha'
    '_csrf' => '9c7114d7b3baa46a63f529f31f40bb021926ebf436b316eaf6b6452d518221c2a:2:{i:0;s:5:\"_csrf\";i:1;s:32:\"7B-p6X9kpOSeDFIoQ9T2G77s9p69vBy5\";}'
]

$_SESSION = [
    '__flash' => []
]

$_SERVER = [
    'HTTP_HOST' => 'localhost'
    'HTTP_CONNECTION' => 'keep-alive'
    'HTTP_CACHE_CONTROL' => 'max-age=0'
    'HTTP_SEC_CH_UA' => '\"Chromium\";v=\"94\", \"Google Chrome\";v=\"94\", \";Not A Brand\";v=\"99\"'
    'HTTP_SEC_CH_UA_MOBILE' => '?0'
    'HTTP_SEC_CH_UA_PLATFORM' => '\"Windows\"'
    'HTTP_UPGRADE_INSECURE_REQUESTS' => '1'
    'HTTP_USER_AGENT' => 'Mozilla/5.0 (Windows NT 10.0; Win64; x64) AppleWebKit/537.36 (KHTML, like Gecko) Chrome/94.0.4606.71 Safari/537.36'
    'HTTP_ACCEPT' => 'text/html,application/xhtml+xml,application/xml;q=0.9,image/avif,image/webp,image/apng,*/*;q=0.8,application/signed-exchange;v=b3;q=0.9'
    'HTTP_SEC_FETCH_SITE' => 'none'
    'HTTP_SEC_FETCH_MODE' => 'navigate'
    'HTTP_SEC_FETCH_USER' => '?1'
    'HTTP_SEC_FETCH_DEST' => 'document'
    'HTTP_ACCEPT_ENCODING' => 'gzip, deflate, br'
    'HTTP_ACCEPT_LANGUAGE' => 'en-US,en;q=0.9,ar-LB;q=0.8,ar;q=0.7,en-GB;q=0.6'
    'HTTP_COOKIE' => '__gads=ID=024da897632b02ab-226091d858a600da:T=1603746421:RT=1603746421:S=ALNI_MYRoGONdHXaiyOqmBFMiZrv2P_8UQ; _ga=GA1.1.194433866.1628985843; _ga_T0LJN5D2DG=GS1.1.1631314539.23.1.1631315289.0; _ga_KVGG2L8B36=GS1.1.1632673549.5.0.1632673549.0; PHPSESSID=h2r5gvh524d12hj1o5vftmk9ha; _csrf=9c7114d7b3baa46a63f529f31f40bb021926ebf436b316eaf6b6452d518221c2a%3A2%3A%7Bi%3A0%3Bs%3A5%3A%22_csrf%22%3Bi%3A1%3Bs%3A32%3A%227B-p6X9kpOSeDFIoQ9T2G77s9p69vBy5%22%3B%7D'
    'PATH' => 'C:\\Windows\\system32;C:\\Windows;C:\\Windows\\System32\\Wbem;C:\\Windows\\System32\\WindowsPowerShell\\v1.0\\;C:\\Windows\\System32\\OpenSSH\\;C:\\Program Files (x86)\\NVIDIA Corporation\\PhysX\\Common;C:\\Program Files\\NVIDIA Corporation\\NVIDIA NvDLISR;C:\\Program Files (x86)\\Intel\\Intel(R) Management Engine Components\\DAL;C:\\Program Files\\Intel\\Intel(R) Management Engine Components\\DAL;C:\\Program Files\\Intel\\WiFi\\bin\\;C:\\Program Files\\Common Files\\Intel\\WirelessCommon\\;C:\\Program Files\\Git\\cmd;C:\\wamp64\\bin\\php\\php7.4.0;C:\\WINDOWS\\system32;C:\\WINDOWS;C:\\WINDOWS\\System32\\Wbem;C:\\WINDOWS\\System32\\WindowsPowerShell\\v1.0\\;C:\\WINDOWS\\System32\\OpenSSH\\;C:\\Program Files (x86)\\PuTTY\\;C:\\WINDOWS\\system32\\config\\systemprofile\\AppData\\Local\\Microsoft\\WindowsApps'
    'SystemRoot' => 'C:\\WINDOWS'
    'COMSPEC' => 'C:\\WINDOWS\\system32\\cmd.exe'
    'PATHEXT' => '.COM;.EXE;.BAT;.CMD;.VBS;.VBE;.JS;.JSE;.WSF;.WSH;.MSC'
    'WINDIR' => 'C:\\WINDOWS'
    'SERVER_SIGNATURE' => '<address>Apache/2.4.41 (Win64) PHP/7.4.0 Server at localhost Port 80</address>
'
    'SERVER_SOFTWARE' => 'Apache/2.4.41 (Win64) PHP/7.4.0'
    'SERVER_NAME' => 'localhost'
    'SERVER_ADDR' => '::1'
    'SERVER_PORT' => '80'
    'REMOTE_ADDR' => '::1'
    'DOCUMENT_ROOT' => 'C:/wamp64/www'
    'REQUEST_SCHEME' => 'http'
    'CONTEXT_PREFIX' => ''
    'CONTEXT_DOCUMENT_ROOT' => 'C:/wamp64/www'
    'SERVER_ADMIN' => 'wampserver@wampserver.invalid'
    'SCRIPT_FILENAME' => 'C:/wamp64/www/room/web/index.php'
    'REMOTE_PORT' => '58708'
    'GATEWAY_INTERFACE' => 'CGI/1.1'
    'SERVER_PROTOCOL' => 'HTTP/1.1'
    'REQUEST_METHOD' => 'GET'
    'QUERY_STRING' => 'r=api/mobile/get-pro-users-posts'
    'REQUEST_URI' => '/room/web/index.php?r=api/mobile/get-pro-users-posts'
    'SCRIPT_NAME' => '/room/web/index.php'
    'PHP_SELF' => '/room/web/index.php'
    'REQUEST_TIME_FLOAT' => 1633987661.722
    'REQUEST_TIME' => 1633987661
]
